<?xml version="1.0" encoding="UTF-8"?>
<testsuite xmlns:xsi="http://www.w3.org/2001/XMLSchema-instance" xsi:noNamespaceSchemaLocation="https://maven.apache.org/surefire/maven-surefire-plugin/xsd/surefire-test-report-3.0.xsd" version="3.0" name="TestSuite" time="5.935" tests="1" errors="0" skipped="0" failures="0">
  <properties>
    <property name="sun.desktop" value="windows"/>
    <property name="awt.toolkit" value="sun.awt.windows.WToolkit"/>
    <property name="surefire.suiteXmlFiles" value="testng.xml"/>
    <property name="file.encoding.pkg" value="sun.io"/>
    <property name="java.specification.version" value="1.8"/>
    <property name="sun.cpu.isalist" value="amd64"/>
    <property name="sun.jnu.encoding" value="Cp1252"/>
    <property name="java.class.path" value="D:\Workspace\AutomationProject\target\test-classes;D:\Workspace\AutomationProject\target\classes;C:\Users\bhowmik_d\.m2\repository\org\seleniumhq\selenium\selenium-java\4.0.0-alpha-5\selenium-java-4.0.0-alpha-5.jar;C:\Users\bhowmik_d\.m2\repository\org\seleniumhq\selenium\selenium-api\4.0.0-alpha-5\selenium-api-4.0.0-alpha-5.jar;C:\Users\bhowmik_d\.m2\repository\org\seleniumhq\selenium\selenium-chrome-driver\4.0.0-alpha-5\selenium-chrome-driver-4.0.0-alpha-5.jar;C:\Users\bhowmik_d\.m2\repository\com\google\auto\service\auto-service-annotations\1.0-rc6\auto-service-annotations-1.0-rc6.jar;C:\Users\bhowmik_d\.m2\repository\com\google\auto\service\auto-service\1.0-rc6\auto-service-1.0-rc6.jar;C:\Users\bhowmik_d\.m2\repository\com\google\auto\auto-common\0.10\auto-common-0.10.jar;C:\Users\bhowmik_d\.m2\repository\org\seleniumhq\selenium\selenium-chromium-driver\4.0.0-alpha-5\selenium-chromium-driver-4.0.0-alpha-5.jar;C:\Users\bhowmik_d\.m2\repository\org\seleniumhq\selenium\selenium-devtools\4.0.0-alpha-5\selenium-devtools-4.0.0-alpha-5.jar;C:\Users\bhowmik_d\.m2\repository\org\seleniumhq\selenium\selenium-http\4.0.0-alpha-5\selenium-http-4.0.0-alpha-5.jar;C:\Users\bhowmik_d\.m2\repository\org\seleniumhq\selenium\selenium-json\4.0.0-alpha-5\selenium-json-4.0.0-alpha-5.jar;C:\Users\bhowmik_d\.m2\repository\org\seleniumhq\selenium\selenium-edge-driver\4.0.0-alpha-5\selenium-edge-driver-4.0.0-alpha-5.jar;C:\Users\bhowmik_d\.m2\repository\org\seleniumhq\selenium\selenium-edgehtml-driver\4.0.0-alpha-5\selenium-edgehtml-driver-4.0.0-alpha-5.jar;C:\Users\bhowmik_d\.m2\repository\org\seleniumhq\selenium\selenium-firefox-driver\4.0.0-alpha-5\selenium-firefox-driver-4.0.0-alpha-5.jar;C:\Users\bhowmik_d\.m2\repository\org\seleniumhq\selenium\selenium-firefox-xpi-driver\4.0.0-alpha-5\selenium-firefox-xpi-driver-4.0.0-alpha-5.jar;C:\Users\bhowmik_d\.m2\repository\org\seleniumhq\selenium\selenium-ie-driver\4.0.0-alpha-5\selenium-ie-driver-4.0.0-alpha-5.jar;C:\Users\bhowmik_d\.m2\repository\org\seleniumhq\selenium\selenium-opera-driver\4.0.0-alpha-5\selenium-opera-driver-4.0.0-alpha-5.jar;C:\Users\bhowmik_d\.m2\repository\org\seleniumhq\selenium\selenium-remote-driver\4.0.0-alpha-5\selenium-remote-driver-4.0.0-alpha-5.jar;C:\Users\bhowmik_d\.m2\repository\com\typesafe\netty\netty-reactive-streams\2.0.4\netty-reactive-streams-2.0.4.jar;C:\Users\bhowmik_d\.m2\repository\io\netty\netty-buffer\4.1.47.Final\netty-buffer-4.1.47.Final.jar;C:\Users\bhowmik_d\.m2\repository\io\netty\netty-codec-http\4.1.47.Final\netty-codec-http-4.1.47.Final.jar;C:\Users\bhowmik_d\.m2\repository\io\netty\netty-transport-native-epoll\4.1.47.Final\netty-transport-native-epoll-4.1.47.Final.jar;C:\Users\bhowmik_d\.m2\repository\io\netty\netty-transport-native-epoll\4.1.47.Final\netty-transport-native-epoll-4.1.47.Final-linux-x86_64.jar;C:\Users\bhowmik_d\.m2\repository\io\netty\netty-transport-native-kqueue\4.1.47.Final\netty-transport-native-kqueue-4.1.47.Final.jar;C:\Users\bhowmik_d\.m2\repository\io\netty\netty-transport-native-kqueue\4.1.47.Final\netty-transport-native-kqueue-4.1.47.Final-osx-x86_64.jar;C:\Users\bhowmik_d\.m2\repository\io\netty\netty-transport-native-unix-common\4.1.47.Final\netty-transport-native-unix-common-4.1.47.Final.jar;C:\Users\bhowmik_d\.m2\repository\io\netty\netty-transport\4.1.47.Final\netty-transport-4.1.47.Final.jar;C:\Users\bhowmik_d\.m2\repository\io\netty\netty-resolver\4.1.47.Final\netty-resolver-4.1.47.Final.jar;C:\Users\bhowmik_d\.m2\repository\io\opentelemetry\opentelemetry-api\0.2.0\opentelemetry-api-0.2.0.jar;C:\Users\bhowmik_d\.m2\repository\io\grpc\grpc-context\1.24.0\grpc-context-1.24.0.jar;C:\Users\bhowmik_d\.m2\repository\org\asynchttpclient\async-http-client\2.11.0\async-http-client-2.11.0.jar;C:\Users\bhowmik_d\.m2\repository\org\asynchttpclient\async-http-client-netty-utils\2.11.0\async-http-client-netty-utils-2.11.0.jar;C:\Users\bhowmik_d\.m2\repository\io\netty\netty-codec-socks\4.1.46.Final\netty-codec-socks-4.1.46.Final.jar;C:\Users\bhowmik_d\.m2\repository\io\netty\netty-handler-proxy\4.1.46.Final\netty-handler-proxy-4.1.46.Final.jar;C:\Users\bhowmik_d\.m2\repository\com\sun\activation\javax.activation\1.2.0\javax.activation-1.2.0.jar;C:\Users\bhowmik_d\.m2\repository\org\seleniumhq\selenium\selenium-safari-driver\4.0.0-alpha-5\selenium-safari-driver-4.0.0-alpha-5.jar;C:\Users\bhowmik_d\.m2\repository\org\seleniumhq\selenium\selenium-support\4.0.0-alpha-5\selenium-support-4.0.0-alpha-5.jar;C:\Users\bhowmik_d\.m2\repository\com\microsoft\edge\msedge-selenium-tools-java\3.141.1\msedge-selenium-tools-java-3.141.1.jar;C:\Users\bhowmik_d\.m2\repository\net\bytebuddy\byte-buddy\1.8.15\byte-buddy-1.8.15.jar;C:\Users\bhowmik_d\.m2\repository\org\apache\commons\commons-exec\1.3\commons-exec-1.3.jar;C:\Users\bhowmik_d\.m2\repository\com\google\guava\guava\29.0-jre\guava-29.0-jre.jar;C:\Users\bhowmik_d\.m2\repository\com\google\guava\failureaccess\1.0.1\failureaccess-1.0.1.jar;C:\Users\bhowmik_d\.m2\repository\com\google\guava\listenablefuture\9999.0-empty-to-avoid-conflict-with-guava\listenablefuture-9999.0-empty-to-avoid-conflict-with-guava.jar;C:\Users\bhowmik_d\.m2\repository\com\google\code\findbugs\jsr305\3.0.2\jsr305-3.0.2.jar;C:\Users\bhowmik_d\.m2\repository\org\checkerframework\checker-qual\2.11.1\checker-qual-2.11.1.jar;C:\Users\bhowmik_d\.m2\repository\com\google\errorprone\error_prone_annotations\2.3.4\error_prone_annotations-2.3.4.jar;C:\Users\bhowmik_d\.m2\repository\com\google\j2objc\j2objc-annotations\1.3\j2objc-annotations-1.3.jar;C:\Users\bhowmik_d\.m2\repository\com\squareup\okhttp3\okhttp\3.11.0\okhttp-3.11.0.jar;C:\Users\bhowmik_d\.m2\repository\com\squareup\okio\okio\1.14.0\okio-1.14.0.jar;C:\Users\bhowmik_d\.m2\repository\joda-time\joda-time\2.9.9\joda-time-2.9.9.jar;C:\Users\bhowmik_d\.m2\repository\org\testng\testng\6.14.3\testng-6.14.3.jar;C:\Users\bhowmik_d\.m2\repository\com\beust\jcommander\1.72\jcommander-1.72.jar;C:\Users\bhowmik_d\.m2\repository\org\apache-extras\beanshell\bsh\2.0b6\bsh-2.0b6.jar;C:\Users\bhowmik_d\.m2\repository\org\apache\commons\commons-email\1.5\commons-email-1.5.jar;C:\Users\bhowmik_d\.m2\repository\com\sun\mail\javax.mail\1.5.6\javax.mail-1.5.6.jar;C:\Users\bhowmik_d\.m2\repository\javax\activation\activation\1.1\activation-1.1.jar;C:\Users\bhowmik_d\.m2\repository\io\github\bonigarcia\webdrivermanager\4.2.2\webdrivermanager-4.2.2.jar;C:\Users\bhowmik_d\.m2\repository\org\slf4j\slf4j-api\1.7.30\slf4j-api-1.7.30.jar;C:\Users\bhowmik_d\.m2\repository\commons-io\commons-io\2.8.0\commons-io-2.8.0.jar;C:\Users\bhowmik_d\.m2\repository\com\google\code\gson\gson\2.8.6\gson-2.8.6.jar;C:\Users\bhowmik_d\.m2\repository\org\apache\commons\commons-lang3\3.11\commons-lang3-3.11.jar;C:\Users\bhowmik_d\.m2\repository\org\apache\httpcomponents\client5\httpclient5\5.0.1\httpclient5-5.0.1.jar;C:\Users\bhowmik_d\.m2\repository\org\apache\httpcomponents\core5\httpcore5\5.0.1\httpcore5-5.0.1.jar;C:\Users\bhowmik_d\.m2\repository\org\apache\httpcomponents\core5\httpcore5-h2\5.0.1\httpcore5-h2-5.0.1.jar;C:\Users\bhowmik_d\.m2\repository\commons-codec\commons-codec\1.13\commons-codec-1.13.jar;C:\Users\bhowmik_d\.m2\repository\org\rauschig\jarchivelib\1.1.0\jarchivelib-1.1.0.jar;C:\Users\bhowmik_d\.m2\repository\org\apache\commons\commons-compress\1.20\commons-compress-1.20.jar;C:\Users\bhowmik_d\.m2\repository\org\jsoup\jsoup\1.13.1\jsoup-1.13.1.jar;C:\Users\bhowmik_d\.m2\repository\org\jetbrains\annotations\16.0.3\annotations-16.0.3.jar;C:\Users\bhowmik_d\.m2\repository\com\neovisionaries\nv-websocket-client\2.14\nv-websocket-client-2.14.jar;C:\Users\bhowmik_d\.m2\repository\com\jayway\restassured\rest-assured\2.9.0\rest-assured-2.9.0.jar;C:\Users\bhowmik_d\.m2\repository\org\codehaus\groovy\groovy\2.4.4\groovy-2.4.4.jar;C:\Users\bhowmik_d\.m2\repository\org\codehaus\groovy\groovy-xml\2.4.4\groovy-xml-2.4.4.jar;C:\Users\bhowmik_d\.m2\repository\org\apache\httpcomponents\httpclient\4.5.1\httpclient-4.5.1.jar;C:\Users\bhowmik_d\.m2\repository\org\apache\httpcomponents\httpcore\4.4.3\httpcore-4.4.3.jar;C:\Users\bhowmik_d\.m2\repository\commons-logging\commons-logging\1.2\commons-logging-1.2.jar;C:\Users\bhowmik_d\.m2\repository\org\apache\httpcomponents\httpmime\4.5.1\httpmime-4.5.1.jar;C:\Users\bhowmik_d\.m2\repository\org\hamcrest\hamcrest-core\1.3\hamcrest-core-1.3.jar;C:\Users\bhowmik_d\.m2\repository\org\hamcrest\hamcrest-library\1.3\hamcrest-library-1.3.jar;C:\Users\bhowmik_d\.m2\repository\org\ccil\cowan\tagsoup\tagsoup\1.2.1\tagsoup-1.2.1.jar;C:\Users\bhowmik_d\.m2\repository\com\jayway\restassured\json-path\2.9.0\json-path-2.9.0.jar;C:\Users\bhowmik_d\.m2\repository\org\codehaus\groovy\groovy-json\2.4.4\groovy-json-2.4.4.jar;C:\Users\bhowmik_d\.m2\repository\com\jayway\restassured\rest-assured-common\2.9.0\rest-assured-common-2.9.0.jar;C:\Users\bhowmik_d\.m2\repository\com\jayway\restassured\xml-path\2.9.0\xml-path-2.9.0.jar;C:\Users\bhowmik_d\.m2\repository\software\amazon\awssdk\s3\2.16.60\s3-2.16.60.jar;C:\Users\bhowmik_d\.m2\repository\software\amazon\awssdk\aws-xml-protocol\2.16.60\aws-xml-protocol-2.16.60.jar;C:\Users\bhowmik_d\.m2\repository\software\amazon\awssdk\aws-query-protocol\2.16.60\aws-query-protocol-2.16.60.jar;C:\Users\bhowmik_d\.m2\repository\software\amazon\awssdk\protocol-core\2.16.60\protocol-core-2.16.60.jar;C:\Users\bhowmik_d\.m2\repository\software\amazon\awssdk\arns\2.16.60\arns-2.16.60.jar;C:\Users\bhowmik_d\.m2\repository\software\amazon\awssdk\profiles\2.16.60\profiles-2.16.60.jar;C:\Users\bhowmik_d\.m2\repository\software\amazon\awssdk\sdk-core\2.16.60\sdk-core-2.16.60.jar;C:\Users\bhowmik_d\.m2\repository\com\fasterxml\jackson\core\jackson-core\2.12.3\jackson-core-2.12.3.jar;C:\Users\bhowmik_d\.m2\repository\com\fasterxml\jackson\core\jackson-databind\2.12.1\jackson-databind-2.12.1.jar;C:\Users\bhowmik_d\.m2\repository\org\reactivestreams\reactive-streams\1.0.3\reactive-streams-1.0.3.jar;C:\Users\bhowmik_d\.m2\repository\software\amazon\awssdk\auth\2.16.60\auth-2.16.60.jar;C:\Users\bhowmik_d\.m2\repository\software\amazon\eventstream\eventstream\1.0.1\eventstream-1.0.1.jar;C:\Users\bhowmik_d\.m2\repository\software\amazon\awssdk\http-client-spi\2.16.60\http-client-spi-2.16.60.jar;C:\Users\bhowmik_d\.m2\repository\software\amazon\awssdk\regions\2.16.60\regions-2.16.60.jar;C:\Users\bhowmik_d\.m2\repository\com\fasterxml\jackson\core\jackson-annotations\2.12.3\jackson-annotations-2.12.3.jar;C:\Users\bhowmik_d\.m2\repository\software\amazon\awssdk\annotations\2.16.60\annotations-2.16.60.jar;C:\Users\bhowmik_d\.m2\repository\software\amazon\awssdk\utils\2.16.60\utils-2.16.60.jar;C:\Users\bhowmik_d\.m2\repository\software\amazon\awssdk\aws-core\2.16.60\aws-core-2.16.60.jar;C:\Users\bhowmik_d\.m2\repository\software\amazon\awssdk\metrics-spi\2.16.60\metrics-spi-2.16.60.jar;C:\Users\bhowmik_d\.m2\repository\software\amazon\awssdk\apache-client\2.16.60\apache-client-2.16.60.jar;C:\Users\bhowmik_d\.m2\repository\software\amazon\awssdk\netty-nio-client\2.16.60\netty-nio-client-2.16.60.jar;C:\Users\bhowmik_d\.m2\repository\io\netty\netty-codec-http2\4.1.63.Final\netty-codec-http2-4.1.63.Final.jar;C:\Users\bhowmik_d\.m2\repository\io\netty\netty-codec\4.1.63.Final\netty-codec-4.1.63.Final.jar;C:\Users\bhowmik_d\.m2\repository\io\netty\netty-common\4.1.63.Final\netty-common-4.1.63.Final.jar;C:\Users\bhowmik_d\.m2\repository\io\netty\netty-handler\4.1.63.Final\netty-handler-4.1.63.Final.jar;C:\Users\bhowmik_d\.m2\repository\com\typesafe\netty\netty-reactive-streams-http\2.0.4\netty-reactive-streams-http-2.0.4.jar;C:\Users\bhowmik_d\.m2\repository\junit\junit\4.13.2\junit-4.13.2.jar;C:\Users\bhowmik_d\.m2\repository\io\qameta\allure\allure-testng\2.13.5\allure-testng-2.13.5.jar;C:\Users\bhowmik_d\.m2\repository\io\qameta\allure\allure-java-commons\2.13.5\allure-java-commons-2.13.5.jar;C:\Users\bhowmik_d\.m2\repository\io\qameta\allure\allure-model\2.13.5\allure-model-2.13.5.jar;C:\Users\bhowmik_d\.m2\repository\org\apache\tika\tika-core\1.20\tika-core-1.20.jar;C:\Users\bhowmik_d\.m2\repository\org\jooq\joor-java-8\0.9.10\joor-java-8-0.9.10.jar;C:\Users\bhowmik_d\.m2\repository\org\jprocesses\jProcesses\1.6.4\jProcesses-1.6.4.jar;C:\Users\bhowmik_d\.m2\repository\com\profesorfalken\WMI4Java\1.6.1\WMI4Java-1.6.1.jar;C:\Users\bhowmik_d\.m2\repository\com\profesorfalken\jPowerShell\1.9\jPowerShell-1.9.jar;C:\Users\bhowmik_d\.m2\repository\com\amazonaws\aws-java-sdk\1.12.192\aws-java-sdk-1.12.192.jar;C:\Users\bhowmik_d\.m2\repository\com\amazonaws\aws-java-sdk-pinpointsmsvoicev2\1.12.192\aws-java-sdk-pinpointsmsvoicev2-1.12.192.jar;C:\Users\bhowmik_d\.m2\repository\com\amazonaws\jmespath-java\1.12.192\jmespath-java-1.12.192.jar;C:\Users\bhowmik_d\.m2\repository\com\amazonaws\aws-java-sdk-gamesparks\1.12.192\aws-java-sdk-gamesparks-1.12.192.jar;C:\Users\bhowmik_d\.m2\repository\com\amazonaws\aws-java-sdk-billingconductor\1.12.192\aws-java-sdk-billingconductor-1.12.192.jar;C:\Users\bhowmik_d\.m2\repository\com\amazonaws\aws-java-sdk-keyspaces\1.12.192\aws-java-sdk-keyspaces-1.12.192.jar;C:\Users\bhowmik_d\.m2\repository\com\amazonaws\aws-java-sdk-amplifyuibuilder\1.12.192\aws-java-sdk-amplifyuibuilder-1.12.192.jar;C:\Users\bhowmik_d\.m2\repository\com\amazonaws\aws-java-sdk-backupgateway\1.12.192\aws-java-sdk-backupgateway-1.12.192.jar;C:\Users\bhowmik_d\.m2\repository\com\amazonaws\aws-java-sdk-workspacesweb\1.12.192\aws-java-sdk-workspacesweb-1.12.192.jar;C:\Users\bhowmik_d\.m2\repository\com\amazonaws\aws-java-sdk-iottwinmaker\1.12.192\aws-java-sdk-iottwinmaker-1.12.192.jar;C:\Users\bhowmik_d\.m2\repository\com\amazonaws\aws-java-sdk-recyclebin\1.12.192\aws-java-sdk-recyclebin-1.12.192.jar;C:\Users\bhowmik_d\.m2\repository\com\amazonaws\aws-java-sdk-cloudwatchrum\1.12.192\aws-java-sdk-cloudwatchrum-1.12.192.jar;C:\Users\bhowmik_d\.m2\repository\com\amazonaws\aws-java-sdk-cloudwatchevidently\1.12.192\aws-java-sdk-cloudwatchevidently-1.12.192.jar;C:\Users\bhowmik_d\.m2\repository\com\amazonaws\aws-java-sdk-inspector2\1.12.192\aws-java-sdk-inspector2-1.12.192.jar;C:\Users\bhowmik_d\.m2\repository\com\amazonaws\aws-java-sdk-migrationhubrefactorspaces\1.12.192\aws-java-sdk-migrationhubrefactorspaces-1.12.192.jar;C:\Users\bhowmik_d\.m2\repository\com\amazonaws\aws-java-sdk-appconfigdata\1.12.192\aws-java-sdk-appconfigdata-1.12.192.jar;C:\Users\bhowmik_d\.m2\repository\com\amazonaws\aws-java-sdk-drs\1.12.192\aws-java-sdk-drs-1.12.192.jar;C:\Users\bhowmik_d\.m2\repository\com\amazonaws\aws-java-sdk-migrationhubstrategyrecommendations\1.12.192\aws-java-sdk-migrationhubstrategyrecommendations-1.12.192.jar;C:\Users\bhowmik_d\.m2\repository\com\amazonaws\aws-java-sdk-resiliencehub\1.12.192\aws-java-sdk-resiliencehub-1.12.192.jar;C:\Users\bhowmik_d\.m2\repository\com\amazonaws\aws-java-sdk-chimesdkmeetings\1.12.192\aws-java-sdk-chimesdkmeetings-1.12.192.jar;C:\Users\bhowmik_d\.m2\repository\com\amazonaws\aws-java-sdk-panorama\1.12.192\aws-java-sdk-panorama-1.12.192.jar;C:\Users\bhowmik_d\.m2\repository\com\amazonaws\aws-java-sdk-managedgrafana\1.12.192\aws-java-sdk-managedgrafana-1.12.192.jar;C:\Users\bhowmik_d\.m2\repository\com\amazonaws\aws-java-sdk-cloudcontrolapi\1.12.192\aws-java-sdk-cloudcontrolapi-1.12.192.jar;C:\Users\bhowmik_d\.m2\repository\com\amazonaws\aws-java-sdk-account\1.12.192\aws-java-sdk-account-1.12.192.jar;C:\Users\bhowmik_d\.m2\repository\com\amazonaws\aws-java-sdk-voiceid\1.12.192\aws-java-sdk-voiceid-1.12.192.jar;C:\Users\bhowmik_d\.m2\repository\com\amazonaws\aws-java-sdk-connectwisdom\1.12.192\aws-java-sdk-connectwisdom-1.12.192.jar;C:\Users\bhowmik_d\.m2\repository\com\amazonaws\aws-java-sdk-kafkaconnect\1.12.192\aws-java-sdk-kafkaconnect-1.12.192.jar;C:\Users\bhowmik_d\.m2\repository\com\amazonaws\aws-java-sdk-opensearch\1.12.192\aws-java-sdk-opensearch-1.12.192.jar;C:\Users\bhowmik_d\.m2\repository\com\amazonaws\aws-java-sdk-memorydb\1.12.192\aws-java-sdk-memorydb-1.12.192.jar;C:\Users\bhowmik_d\.m2\repository\com\amazonaws\aws-java-sdk-snowdevicemanagement\1.12.192\aws-java-sdk-snowdevicemanagement-1.12.192.jar;C:\Users\bhowmik_d\.m2\repository\com\amazonaws\aws-java-sdk-chimesdkidentity\1.12.192\aws-java-sdk-chimesdkidentity-1.12.192.jar;C:\Users\bhowmik_d\.m2\repository\com\amazonaws\aws-java-sdk-chimesdkmessaging\1.12.192\aws-java-sdk-chimesdkmessaging-1.12.192.jar;C:\Users\bhowmik_d\.m2\repository\com\amazonaws\aws-java-sdk-route53recoverycluster\1.12.192\aws-java-sdk-route53recoverycluster-1.12.192.jar;C:\Users\bhowmik_d\.m2\repository\com\amazonaws\aws-java-sdk-route53recoverycontrolconfig\1.12.192\aws-java-sdk-route53recoverycontrolconfig-1.12.192.jar;C:\Users\bhowmik_d\.m2\repository\com\amazonaws\aws-java-sdk-route53recoveryreadiness\1.12.192\aws-java-sdk-route53recoveryreadiness-1.12.192.jar;C:\Users\bhowmik_d\.m2\repository\com\amazonaws\aws-java-sdk-proton\1.12.192\aws-java-sdk-proton-1.12.192.jar;C:\Users\bhowmik_d\.m2\repository\com\amazonaws\aws-java-sdk-apprunner\1.12.192\aws-java-sdk-apprunner-1.12.192.jar;C:\Users\bhowmik_d\.m2\repository\com\amazonaws\aws-java-sdk-applicationcostprofiler\1.12.192\aws-java-sdk-applicationcostprofiler-1.12.192.jar;C:\Users\bhowmik_d\.m2\repository\com\amazonaws\aws-java-sdk-ssmcontacts\1.12.192\aws-java-sdk-ssmcontacts-1.12.192.jar;C:\Users\bhowmik_d\.m2\repository\com\amazonaws\aws-java-sdk-ssmincidents\1.12.192\aws-java-sdk-ssmincidents-1.12.192.jar;C:\Users\bhowmik_d\.m2\repository\com\amazonaws\aws-java-sdk-finspacedata\1.12.192\aws-java-sdk-finspacedata-1.12.192.jar;C:\Users\bhowmik_d\.m2\repository\com\amazonaws\aws-java-sdk-finspace\1.12.192\aws-java-sdk-finspace-1.12.192.jar;C:\Users\bhowmik_d\.m2\repository\com\amazonaws\aws-java-sdk-nimblestudio\1.12.192\aws-java-sdk-nimblestudio-1.12.192.jar;C:\Users\bhowmik_d\.m2\repository\com\amazonaws\aws-java-sdk-lookoutequipment\1.12.192\aws-java-sdk-lookoutequipment-1.12.192.jar;C:\Users\bhowmik_d\.m2\repository\com\amazonaws\aws-java-sdk-mgn\1.12.192\aws-java-sdk-mgn-1.12.192.jar;C:\Users\bhowmik_d\.m2\repository\com\amazonaws\aws-java-sdk-lookoutmetrics\1.12.192\aws-java-sdk-lookoutmetrics-1.12.192.jar;C:\Users\bhowmik_d\.m2\repository\com\amazonaws\aws-java-sdk-fis\1.12.192\aws-java-sdk-fis-1.12.192.jar;C:\Users\bhowmik_d\.m2\repository\com\amazonaws\aws-java-sdk-lexmodelsv2\1.12.192\aws-java-sdk-lexmodelsv2-1.12.192.jar;C:\Users\bhowmik_d\.m2\repository\com\amazonaws\aws-java-sdk-lexruntimev2\1.12.192\aws-java-sdk-lexruntimev2-1.12.192.jar;C:\Users\bhowmik_d\.m2\repository\com\amazonaws\aws-java-sdk-wellarchitected\1.12.192\aws-java-sdk-wellarchitected-1.12.192.jar;C:\Users\bhowmik_d\.m2\repository\com\amazonaws\aws-java-sdk-location\1.12.192\aws-java-sdk-location-1.12.192.jar;C:\Users\bhowmik_d\.m2\repository\com\amazonaws\aws-java-sdk-iotdeviceadvisor\1.12.192\aws-java-sdk-iotdeviceadvisor-1.12.192.jar;C:\Users\bhowmik_d\.m2\repository\com\amazonaws\aws-java-sdk-iotfleethub\1.12.192\aws-java-sdk-iotfleethub-1.12.192.jar;C:\Users\bhowmik_d\.m2\repository\com\amazonaws\aws-java-sdk-iotwireless\1.12.192\aws-java-sdk-iotwireless-1.12.192.jar;C:\Users\bhowmik_d\.m2\repository\com\amazonaws\aws-java-sdk-greengrassv2\1.12.192\aws-java-sdk-greengrassv2-1.12.192.jar;C:\Users\bhowmik_d\.m2\repository\com\amazonaws\aws-java-sdk-prometheus\1.12.192\aws-java-sdk-prometheus-1.12.192.jar;C:\Users\bhowmik_d\.m2\repository\com\amazonaws\aws-java-sdk-auditmanager\1.12.192\aws-java-sdk-auditmanager-1.12.192.jar;C:\Users\bhowmik_d\.m2\repository\com\amazonaws\aws-java-sdk-healthlake\1.12.192\aws-java-sdk-healthlake-1.12.192.jar;C:\Users\bhowmik_d\.m2\repository\com\amazonaws\aws-java-sdk-sagemakeredgemanager\1.12.192\aws-java-sdk-sagemakeredgemanager-1.12.192.jar;C:\Users\bhowmik_d\.m2\repository\com\amazonaws\aws-java-sdk-emrcontainers\1.12.192\aws-java-sdk-emrcontainers-1.12.192.jar;C:\Users\bhowmik_d\.m2\repository\com\amazonaws\aws-java-sdk-customerprofiles\1.12.192\aws-java-sdk-customerprofiles-1.12.192.jar;C:\Users\bhowmik_d\.m2\repository\com\amazonaws\aws-java-sdk-lookoutforvision\1.12.192\aws-java-sdk-lookoutforvision-1.12.192.jar;C:\Users\bhowmik_d\.m2\repository\com\amazonaws\aws-java-sdk-connectcontactlens\1.12.192\aws-java-sdk-connectcontactlens-1.12.192.jar;C:\Users\bhowmik_d\.m2\repository\com\amazonaws\aws-java-sdk-amplifybackend\1.12.192\aws-java-sdk-amplifybackend-1.12.192.jar;C:\Users\bhowmik_d\.m2\repository\com\amazonaws\aws-java-sdk-ecrpublic\1.12.192\aws-java-sdk-ecrpublic-1.12.192.jar;C:\Users\bhowmik_d\.m2\repository\com\amazonaws\aws-java-sdk-appintegrations\1.12.192\aws-java-sdk-appintegrations-1.12.192.jar;C:\Users\bhowmik_d\.m2\repository\com\amazonaws\aws-java-sdk-sagemakerfeaturestoreruntime\1.12.192\aws-java-sdk-sagemakerfeaturestoreruntime-1.12.192.jar;C:\Users\bhowmik_d\.m2\repository\com\amazonaws\aws-java-sdk-devopsguru\1.12.192\aws-java-sdk-devopsguru-1.12.192.jar;C:\Users\bhowmik_d\.m2\repository\com\amazonaws\aws-java-sdk-mwaa\1.12.192\aws-java-sdk-mwaa-1.12.192.jar;C:\Users\bhowmik_d\.m2\repository\com\amazonaws\aws-java-sdk-networkfirewall\1.12.192\aws-java-sdk-networkfirewall-1.12.192.jar;C:\Users\bhowmik_d\.m2\repository\com\amazonaws\aws-java-sdk-appregistry\1.12.192\aws-java-sdk-appregistry-1.12.192.jar;C:\Users\bhowmik_d\.m2\repository\com\amazonaws\aws-java-sdk-gluedatabrew\1.12.192\aws-java-sdk-gluedatabrew-1.12.192.jar;C:\Users\bhowmik_d\.m2\repository\com\amazonaws\aws-java-sdk-s3outposts\1.12.192\aws-java-sdk-s3outposts-1.12.192.jar;C:\Users\bhowmik_d\.m2\repository\com\amazonaws\aws-java-sdk-timestreamquery\1.12.192\aws-java-sdk-timestreamquery-1.12.192.jar;C:\Users\bhowmik_d\.m2\repository\com\amazonaws\aws-java-sdk-timestreamwrite\1.12.192\aws-java-sdk-timestreamwrite-1.12.192.jar;C:\Users\bhowmik_d\.m2\repository\com\amazonaws\aws-java-sdk-ssoadmin\1.12.192\aws-java-sdk-ssoadmin-1.12.192.jar;C:\Users\bhowmik_d\.m2\repository\com\amazonaws\aws-java-sdk-redshiftdataapi\1.12.192\aws-java-sdk-redshiftdataapi-1.12.192.jar;C:\Users\bhowmik_d\.m2\repository\com\amazonaws\aws-java-sdk-appflow\1.12.192\aws-java-sdk-appflow-1.12.192.jar;C:\Users\bhowmik_d\.m2\repository\com\amazonaws\aws-java-sdk-identitystore\1.12.192\aws-java-sdk-identitystore-1.12.192.jar;C:\Users\bhowmik_d\.m2\repository\com\amazonaws\aws-java-sdk-braket\1.12.192\aws-java-sdk-braket-1.12.192.jar;C:\Users\bhowmik_d\.m2\repository\com\amazonaws\aws-java-sdk-ivs\1.12.192\aws-java-sdk-ivs-1.12.192.jar;C:\Users\bhowmik_d\.m2\repository\com\amazonaws\aws-java-sdk-honeycode\1.12.192\aws-java-sdk-honeycode-1.12.192.jar;C:\Users\bhowmik_d\.m2\repository\com\amazonaws\aws-java-sdk-codeartifact\1.12.192\aws-java-sdk-codeartifact-1.12.192.jar;C:\Users\bhowmik_d\.m2\repository\com\amazonaws\aws-java-sdk-macie2\1.12.192\aws-java-sdk-macie2-1.12.192.jar;C:\Users\bhowmik_d\.m2\repository\com\amazonaws\aws-java-sdk-iotsitewise\1.12.192\aws-java-sdk-iotsitewise-1.12.192.jar;C:\Users\bhowmik_d\.m2\repository\com\amazonaws\aws-java-sdk-synthetics\1.12.192\aws-java-sdk-synthetics-1.12.192.jar;C:\Users\bhowmik_d\.m2\repository\com\amazonaws\aws-java-sdk-codestarconnections\1.12.192\aws-java-sdk-codestarconnections-1.12.192.jar;C:\Users\bhowmik_d\.m2\repository\com\amazonaws\aws-java-sdk-detective\1.12.192\aws-java-sdk-detective-1.12.192.jar;C:\Users\bhowmik_d\.m2\repository\com\amazonaws\aws-java-sdk-kinesisvideosignalingchannels\1.12.192\aws-java-sdk-kinesisvideosignalingchannels-1.12.192.jar;C:\Users\bhowmik_d\.m2\repository\com\amazonaws\aws-java-sdk-ebs\1.12.192\aws-java-sdk-ebs-1.12.192.jar;C:\Users\bhowmik_d\.m2\repository\com\amazonaws\aws-java-sdk-augmentedairuntime\1.12.192\aws-java-sdk-augmentedairuntime-1.12.192.jar;C:\Users\bhowmik_d\.m2\repository\com\amazonaws\aws-java-sdk-outposts\1.12.192\aws-java-sdk-outposts-1.12.192.jar;C:\Users\bhowmik_d\.m2\repository\com\amazonaws\aws-java-sdk-codeguruprofiler\1.12.192\aws-java-sdk-codeguruprofiler-1.12.192.jar;C:\Users\bhowmik_d\.m2\repository\com\amazonaws\aws-java-sdk-codegurureviewer\1.12.192\aws-java-sdk-codegurureviewer-1.12.192.jar;C:\Users\bhowmik_d\.m2\repository\com\amazonaws\aws-java-sdk-frauddetector\1.12.192\aws-java-sdk-frauddetector-1.12.192.jar;C:\Users\bhowmik_d\.m2\repository\com\amazonaws\aws-java-sdk-kendra\1.12.192\aws-java-sdk-kendra-1.12.192.jar;C:\Users\bhowmik_d\.m2\repository\com\amazonaws\aws-java-sdk-networkmanager\1.12.192\aws-java-sdk-networkmanager-1.12.192.jar;C:\Users\bhowmik_d\.m2\repository\com\amazonaws\aws-java-sdk-computeoptimizer\1.12.192\aws-java-sdk-computeoptimizer-1.12.192.jar;C:\Users\bhowmik_d\.m2\repository\com\amazonaws\aws-java-sdk-accessanalyzer\1.12.192\aws-java-sdk-accessanalyzer-1.12.192.jar;C:\Users\bhowmik_d\.m2\repository\com\amazonaws\aws-java-sdk-schemas\1.12.192\aws-java-sdk-schemas-1.12.192.jar;C:\Users\bhowmik_d\.m2\repository\com\amazonaws\aws-java-sdk-imagebuilder\1.12.192\aws-java-sdk-imagebuilder-1.12.192.jar;C:\Users\bhowmik_d\.m2\repository\com\amazonaws\aws-java-sdk-elasticinference\1.12.192\aws-java-sdk-elasticinference-1.12.192.jar;C:\Users\bhowmik_d\.m2\repository\com\amazonaws\aws-java-sdk-iotsecuretunneling\1.12.192\aws-java-sdk-iotsecuretunneling-1.12.192.jar;C:\Users\bhowmik_d\.m2\repository\com\amazonaws\aws-java-sdk-appconfig\1.12.192\aws-java-sdk-appconfig-1.12.192.jar;C:\Users\bhowmik_d\.m2\repository\com\amazonaws\aws-java-sdk-wafv2\1.12.192\aws-java-sdk-wafv2-1.12.192.jar;C:\Users\bhowmik_d\.m2\repository\com\amazonaws\aws-java-sdk-connectparticipant\1.12.192\aws-java-sdk-connectparticipant-1.12.192.jar;C:\Users\bhowmik_d\.m2\repository\com\amazonaws\aws-java-sdk-migrationhubconfig\1.12.192\aws-java-sdk-migrationhubconfig-1.12.192.jar;C:\Users\bhowmik_d\.m2\repository\com\amazonaws\aws-java-sdk-dataexchange\1.12.192\aws-java-sdk-dataexchange-1.12.192.jar;C:\Users\bhowmik_d\.m2\repository\com\amazonaws\aws-java-sdk-sesv2\1.12.192\aws-java-sdk-sesv2-1.12.192.jar;C:\Users\bhowmik_d\.m2\repository\com\amazonaws\aws-java-sdk-marketplacecatalog\1.12.192\aws-java-sdk-marketplacecatalog-1.12.192.jar;C:\Users\bhowmik_d\.m2\repository\com\amazonaws\aws-java-sdk-ssooidc\1.12.192\aws-java-sdk-ssooidc-1.12.192.jar;C:\Users\bhowmik_d\.m2\repository\com\amazonaws\aws-java-sdk-sso\1.12.192\aws-java-sdk-sso-1.12.192.jar;C:\Users\bhowmik_d\.m2\repository\com\amazonaws\aws-java-sdk-savingsplans\1.12.192\aws-java-sdk-savingsplans-1.12.192.jar;C:\Users\bhowmik_d\.m2\repository\com\amazonaws\aws-java-sdk-codestarnotifications\1.12.192\aws-java-sdk-codestarnotifications-1.12.192.jar;C:\Users\bhowmik_d\.m2\repository\com\amazonaws\aws-java-sdk-workmailmessageflow\1.12.192\aws-java-sdk-workmailmessageflow-1.12.192.jar;C:\Users\bhowmik_d\.m2\repository\com\amazonaws\aws-java-sdk-qldbsession\1.12.192\aws-java-sdk-qldbsession-1.12.192.jar;C:\Users\bhowmik_d\.m2\repository\com\amazonaws\aws-java-sdk-qldb\1.12.192\aws-java-sdk-qldb-1.12.192.jar;C:\Users\bhowmik_d\.m2\repository\com\amazonaws\aws-java-sdk-forecastquery\1.12.192\aws-java-sdk-forecastquery-1.12.192.jar;C:\Users\bhowmik_d\.m2\repository\com\amazonaws\aws-java-sdk-forecast\1.12.192\aws-java-sdk-forecast-1.12.192.jar;C:\Users\bhowmik_d\.m2\repository\com\amazonaws\aws-java-sdk-lakeformation\1.12.192\aws-java-sdk-lakeformation-1.12.192.jar;C:\Users\bhowmik_d\.m2\repository\com\amazonaws\aws-java-sdk-eventbridge\1.12.192\aws-java-sdk-eventbridge-1.12.192.jar;C:\Users\bhowmik_d\.m2\repository\com\amazonaws\aws-java-sdk-ec2instanceconnect\1.12.192\aws-java-sdk-ec2instanceconnect-1.12.192.jar;C:\Users\bhowmik_d\.m2\repository\com\amazonaws\aws-java-sdk-applicationinsights\1.12.192\aws-java-sdk-applicationinsights-1.12.192.jar;C:\Users\bhowmik_d\.m2\repository\com\amazonaws\aws-java-sdk-servicequotas\1.12.192\aws-java-sdk-servicequotas-1.12.192.jar;C:\Users\bhowmik_d\.m2\repository\com\amazonaws\aws-java-sdk-personalizeevents\1.12.192\aws-java-sdk-personalizeevents-1.12.192.jar;C:\Users\bhowmik_d\.m2\repository\com\amazonaws\aws-java-sdk-personalize\1.12.192\aws-java-sdk-personalize-1.12.192.jar;C:\Users\bhowmik_d\.m2\repository\com\amazonaws\aws-java-sdk-personalizeruntime\1.12.192\aws-java-sdk-personalizeruntime-1.12.192.jar;C:\Users\bhowmik_d\.m2\repository\com\amazonaws\aws-java-sdk-ioteventsdata\1.12.192\aws-java-sdk-ioteventsdata-1.12.192.jar;C:\Users\bhowmik_d\.m2\repository\com\amazonaws\aws-java-sdk-iotevents\1.12.192\aws-java-sdk-iotevents-1.12.192.jar;C:\Users\bhowmik_d\.m2\repository\com\amazonaws\aws-java-sdk-iotthingsgraph\1.12.192\aws-java-sdk-iotthingsgraph-1.12.192.jar;C:\Users\bhowmik_d\.m2\repository\com\amazonaws\aws-java-sdk-groundstation\1.12.192\aws-java-sdk-groundstation-1.12.192.jar;C:\Users\bhowmik_d\.m2\repository\com\amazonaws\aws-java-sdk-mediapackagevod\1.12.192\aws-java-sdk-mediapackagevod-1.12.192.jar;C:\Users\bhowmik_d\.m2\repository\com\amazonaws\aws-java-sdk-managedblockchain\1.12.192\aws-java-sdk-managedblockchain-1.12.192.jar;C:\Users\bhowmik_d\.m2\repository\com\amazonaws\aws-java-sdk-textract\1.12.192\aws-java-sdk-textract-1.12.192.jar;C:\Users\bhowmik_d\.m2\repository\com\amazonaws\aws-java-sdk-worklink\1.12.192\aws-java-sdk-worklink-1.12.192.jar;C:\Users\bhowmik_d\.m2\repository\com\amazonaws\aws-java-sdk-backup\1.12.192\aws-java-sdk-backup-1.12.192.jar;C:\Users\bhowmik_d\.m2\repository\com\amazonaws\aws-java-sdk-docdb\1.12.192\aws-java-sdk-docdb-1.12.192.jar;C:\Users\bhowmik_d\.m2\repository\com\amazonaws\aws-java-sdk-apigatewayv2\1.12.192\aws-java-sdk-apigatewayv2-1.12.192.jar;C:\Users\bhowmik_d\.m2\repository\com\amazonaws\aws-java-sdk-apigatewaymanagementapi\1.12.192\aws-java-sdk-apigatewaymanagementapi-1.12.192.jar;C:\Users\bhowmik_d\.m2\repository\com\amazonaws\aws-java-sdk-kafka\1.12.192\aws-java-sdk-kafka-1.12.192.jar;C:\Users\bhowmik_d\.m2\repository\com\amazonaws\aws-java-sdk-appmesh\1.12.192\aws-java-sdk-appmesh-1.12.192.jar;C:\Users\bhowmik_d\.m2\repository\com\amazonaws\aws-java-sdk-licensemanager\1.12.192\aws-java-sdk-licensemanager-1.12.192.jar;C:\Users\bhowmik_d\.m2\repository\com\amazonaws\aws-java-sdk-securityhub\1.12.192\aws-java-sdk-securityhub-1.12.192.jar;C:\Users\bhowmik_d\.m2\repository\com\amazonaws\aws-java-sdk-fsx\1.12.192\aws-java-sdk-fsx-1.12.192.jar;C:\Users\bhowmik_d\.m2\repository\com\amazonaws\aws-java-sdk-mediaconnect\1.12.192\aws-java-sdk-mediaconnect-1.12.192.jar;C:\Users\bhowmik_d\.m2\repository\com\amazonaws\aws-java-sdk-kinesisanalyticsv2\1.12.192\aws-java-sdk-kinesisanalyticsv2-1.12.192.jar;C:\Users\bhowmik_d\.m2\repository\com\amazonaws\aws-java-sdk-comprehendmedical\1.12.192\aws-java-sdk-comprehendmedical-1.12.192.jar;C:\Users\bhowmik_d\.m2\repository\com\amazonaws\aws-java-sdk-globalaccelerator\1.12.192\aws-java-sdk-globalaccelerator-1.12.192.jar;C:\Users\bhowmik_d\.m2\repository\com\amazonaws\aws-java-sdk-transfer\1.12.192\aws-java-sdk-transfer-1.12.192.jar;C:\Users\bhowmik_d\.m2\repository\com\amazonaws\aws-java-sdk-datasync\1.12.192\aws-java-sdk-datasync-1.12.192.jar;C:\Users\bhowmik_d\.m2\repository\com\amazonaws\aws-java-sdk-robomaker\1.12.192\aws-java-sdk-robomaker-1.12.192.jar;C:\Users\bhowmik_d\.m2\repository\com\amazonaws\aws-java-sdk-amplify\1.12.192\aws-java-sdk-amplify-1.12.192.jar;C:\Users\bhowmik_d\.m2\repository\com\amazonaws\aws-java-sdk-quicksight\1.12.192\aws-java-sdk-quicksight-1.12.192.jar;C:\Users\bhowmik_d\.m2\repository\com\amazonaws\aws-java-sdk-rdsdata\1.12.192\aws-java-sdk-rdsdata-1.12.192.jar;C:\Users\bhowmik_d\.m2\repository\com\amazonaws\aws-java-sdk-route53resolver\1.12.192\aws-java-sdk-route53resolver-1.12.192.jar;C:\Users\bhowmik_d\.m2\repository\com\amazonaws\aws-java-sdk-ram\1.12.192\aws-java-sdk-ram-1.12.192.jar;C:\Users\bhowmik_d\.m2\repository\com\amazonaws\aws-java-sdk-s3control\1.12.192\aws-java-sdk-s3control-1.12.192.jar;C:\Users\bhowmik_d\.m2\repository\com\amazonaws\aws-java-sdk-pinpointsmsvoice\1.12.192\aws-java-sdk-pinpointsmsvoice-1.12.192.jar;C:\Users\bhowmik_d\.m2\repository\com\amazonaws\aws-java-sdk-pinpointemail\1.12.192\aws-java-sdk-pinpointemail-1.12.192.jar;C:\Users\bhowmik_d\.m2\repository\com\amazonaws\aws-java-sdk-chime\1.12.192\aws-java-sdk-chime-1.12.192.jar;C:\Users\bhowmik_d\.m2\repository\com\amazonaws\aws-java-sdk-signer\1.12.192\aws-java-sdk-signer-1.12.192.jar;C:\Users\bhowmik_d\.m2\repository\com\amazonaws\aws-java-sdk-dlm\1.12.192\aws-java-sdk-dlm-1.12.192.jar;C:\Users\bhowmik_d\.m2\repository\com\amazonaws\aws-java-sdk-macie\1.12.192\aws-java-sdk-macie-1.12.192.jar;C:\Users\bhowmik_d\.m2\repository\com\amazonaws\aws-java-sdk-eks\1.12.192\aws-java-sdk-eks-1.12.192.jar;C:\Users\bhowmik_d\.m2\repository\com\amazonaws\aws-java-sdk-mediatailor\1.12.192\aws-java-sdk-mediatailor-1.12.192.jar;C:\Users\bhowmik_d\.m2\repository\com\amazonaws\aws-java-sdk-neptune\1.12.192\aws-java-sdk-neptune-1.12.192.jar;C:\Users\bhowmik_d\.m2\repository\com\amazonaws\aws-java-sdk-pi\1.12.192\aws-java-sdk-pi-1.12.192.jar;C:\Users\bhowmik_d\.m2\repository\com\amazonaws\aws-java-sdk-iot1clickprojects\1.12.192\aws-java-sdk-iot1clickprojects-1.12.192.jar;C:\Users\bhowmik_d\.m2\repository\com\amazonaws\aws-java-sdk-iot1clickdevices\1.12.192\aws-java-sdk-iot1clickdevices-1.12.192.jar;C:\Users\bhowmik_d\.m2\repository\com\amazonaws\aws-java-sdk-iotanalytics\1.12.192\aws-java-sdk-iotanalytics-1.12.192.jar;C:\Users\bhowmik_d\.m2\repository\com\amazonaws\aws-java-sdk-acmpca\1.12.192\aws-java-sdk-acmpca-1.12.192.jar;C:\Users\bhowmik_d\.m2\repository\com\amazonaws\aws-java-sdk-secretsmanager\1.12.192\aws-java-sdk-secretsmanager-1.12.192.jar;C:\Users\bhowmik_d\.m2\repository\com\amazonaws\aws-java-sdk-fms\1.12.192\aws-java-sdk-fms-1.12.192.jar;C:\Users\bhowmik_d\.m2\repository\com\amazonaws\aws-java-sdk-connect\1.12.192\aws-java-sdk-connect-1.12.192.jar;C:\Users\bhowmik_d\.m2\repository\com\amazonaws\aws-java-sdk-transcribe\1.12.192\aws-java-sdk-transcribe-1.12.192.jar;C:\Users\bhowmik_d\.m2\repository\com\amazonaws\aws-java-sdk-autoscalingplans\1.12.192\aws-java-sdk-autoscalingplans-1.12.192.jar;C:\Users\bhowmik_d\.m2\repository\com\amazonaws\aws-java-sdk-workmail\1.12.192\aws-java-sdk-workmail-1.12.192.jar;C:\Users\bhowmik_d\.m2\repository\com\amazonaws\aws-java-sdk-servicediscovery\1.12.192\aws-java-sdk-servicediscovery-1.12.192.jar;C:\Users\bhowmik_d\.m2\repository\com\amazonaws\aws-java-sdk-cloud9\1.12.192\aws-java-sdk-cloud9-1.12.192.jar;C:\Users\bhowmik_d\.m2\repository\com\amazonaws\aws-java-sdk-serverlessapplicationrepository\1.12.192\aws-java-sdk-serverlessapplicationrepository-1.12.192.jar;C:\Users\bhowmik_d\.m2\repository\com\amazonaws\aws-java-sdk-alexaforbusiness\1.12.192\aws-java-sdk-alexaforbusiness-1.12.192.jar;C:\Users\bhowmik_d\.m2\repository\com\amazonaws\aws-java-sdk-resourcegroups\1.12.192\aws-java-sdk-resourcegroups-1.12.192.jar;C:\Users\bhowmik_d\.m2\repository\com\amazonaws\aws-java-sdk-comprehend\1.12.192\aws-java-sdk-comprehend-1.12.192.jar;C:\Users\bhowmik_d\.m2\repository\com\amazonaws\aws-java-sdk-translate\1.12.192\aws-java-sdk-translate-1.12.192.jar;C:\Users\bhowmik_d\.m2\repository\com\amazonaws\aws-java-sdk-sagemaker\1.12.192\aws-java-sdk-sagemaker-1.12.192.jar;C:\Users\bhowmik_d\.m2\repository\com\amazonaws\aws-java-sdk-iotjobsdataplane\1.12.192\aws-java-sdk-iotjobsdataplane-1.12.192.jar;C:\Users\bhowmik_d\.m2\repository\com\amazonaws\aws-java-sdk-sagemakerruntime\1.12.192\aws-java-sdk-sagemakerruntime-1.12.192.jar;C:\Users\bhowmik_d\.m2\repository\com\amazonaws\aws-java-sdk-kinesisvideo\1.12.192\aws-java-sdk-kinesisvideo-1.12.192.jar;C:\Users\bhowmik_d\.m2\repository\com\amazonaws\aws-java-sdk-appsync\1.12.192\aws-java-sdk-appsync-1.12.192.jar;C:\Users\bhowmik_d\.m2\repository\com\amazonaws\aws-java-sdk-guardduty\1.12.192\aws-java-sdk-guardduty-1.12.192.jar;C:\Users\bhowmik_d\.m2\repository\com\amazonaws\aws-java-sdk-mq\1.12.192\aws-java-sdk-mq-1.12.192.jar;C:\Users\bhowmik_d\.m2\repository\com\amazonaws\aws-java-sdk-mediaconvert\1.12.192\aws-java-sdk-mediaconvert-1.12.192.jar;C:\Users\bhowmik_d\.m2\repository\com\amazonaws\aws-java-sdk-mediastore\1.12.192\aws-java-sdk-mediastore-1.12.192.jar;C:\Users\bhowmik_d\.m2\repository\com\amazonaws\aws-java-sdk-mediastoredata\1.12.192\aws-java-sdk-mediastoredata-1.12.192.jar;C:\Users\bhowmik_d\.m2\repository\com\amazonaws\aws-java-sdk-medialive\1.12.192\aws-java-sdk-medialive-1.12.192.jar;C:\Users\bhowmik_d\.m2\repository\com\amazonaws\aws-java-sdk-mediapackage\1.12.192\aws-java-sdk-mediapackage-1.12.192.jar;C:\Users\bhowmik_d\.m2\repository\com\amazonaws\aws-java-sdk-costexplorer\1.12.192\aws-java-sdk-costexplorer-1.12.192.jar;C:\Users\bhowmik_d\.m2\repository\com\amazonaws\aws-java-sdk-pricing\1.12.192\aws-java-sdk-pricing-1.12.192.jar;C:\Users\bhowmik_d\.m2\repository\com\amazonaws\aws-java-sdk-mobile\1.12.192\aws-java-sdk-mobile-1.12.192.jar;C:\Users\bhowmik_d\.m2\repository\com\amazonaws\aws-java-sdk-cloudhsmv2\1.12.192\aws-java-sdk-cloudhsmv2-1.12.192.jar;C:\Users\bhowmik_d\.m2\repository\com\amazonaws\aws-java-sdk-glue\1.12.192\aws-java-sdk-glue-1.12.192.jar;C:\Users\bhowmik_d\.m2\repository\com\amazonaws\aws-java-sdk-migrationhub\1.12.192\aws-java-sdk-migrationhub-1.12.192.jar;C:\Users\bhowmik_d\.m2\repository\com\amazonaws\aws-java-sdk-dax\1.12.192\aws-java-sdk-dax-1.12.192.jar;C:\Users\bhowmik_d\.m2\repository\com\amazonaws\aws-java-sdk-greengrass\1.12.192\aws-java-sdk-greengrass-1.12.192.jar;C:\Users\bhowmik_d\.m2\repository\com\amazonaws\aws-java-sdk-athena\1.12.192\aws-java-sdk-athena-1.12.192.jar;C:\Users\bhowmik_d\.m2\repository\com\amazonaws\aws-java-sdk-marketplaceentitlement\1.12.192\aws-java-sdk-marketplaceentitlement-1.12.192.jar;C:\Users\bhowmik_d\.m2\repository\com\amazonaws\aws-java-sdk-codestar\1.12.192\aws-java-sdk-codestar-1.12.192.jar;C:\Users\bhowmik_d\.m2\repository\com\amazonaws\aws-java-sdk-lexmodelbuilding\1.12.192\aws-java-sdk-lexmodelbuilding-1.12.192.jar;C:\Users\bhowmik_d\.m2\repository\com\amazonaws\aws-java-sdk-resourcegroupstaggingapi\1.12.192\aws-java-sdk-resourcegroupstaggingapi-1.12.192.jar;C:\Users\bhowmik_d\.m2\repository\com\amazonaws\aws-java-sdk-pinpoint\1.12.192\aws-java-sdk-pinpoint-1.12.192.jar;C:\Users\bhowmik_d\.m2\repository\com\amazonaws\aws-java-sdk-xray\1.12.192\aws-java-sdk-xray-1.12.192.jar;C:\Users\bhowmik_d\.m2\repository\com\amazonaws\aws-java-sdk-opsworkscm\1.12.192\aws-java-sdk-opsworkscm-1.12.192.jar;C:\Users\bhowmik_d\.m2\repository\com\amazonaws\aws-java-sdk-support\1.12.192\aws-java-sdk-support-1.12.192.jar;C:\Users\bhowmik_d\.m2\repository\com\amazonaws\aws-java-sdk-simpledb\1.12.192\aws-java-sdk-simpledb-1.12.192.jar;C:\Users\bhowmik_d\.m2\repository\com\amazonaws\aws-java-sdk-servicecatalog\1.12.192\aws-java-sdk-servicecatalog-1.12.192.jar;C:\Users\bhowmik_d\.m2\repository\com\amazonaws\aws-java-sdk-servermigration\1.12.192\aws-java-sdk-servermigration-1.12.192.jar;C:\Users\bhowmik_d\.m2\repository\com\amazonaws\aws-java-sdk-simpleworkflow\1.12.192\aws-java-sdk-simpleworkflow-1.12.192.jar;C:\Users\bhowmik_d\.m2\repository\com\amazonaws\aws-java-sdk-storagegateway\1.12.192\aws-java-sdk-storagegateway-1.12.192.jar;C:\Users\bhowmik_d\.m2\repository\com\amazonaws\aws-java-sdk-route53\1.12.192\aws-java-sdk-route53-1.12.192.jar;C:\Users\bhowmik_d\.m2\repository\com\amazonaws\aws-java-sdk-s3\1.12.192\aws-java-sdk-s3-1.12.192.jar;C:\Users\bhowmik_d\.m2\repository\com\amazonaws\aws-java-sdk-importexport\1.12.192\aws-java-sdk-importexport-1.12.192.jar;C:\Users\bhowmik_d\.m2\repository\com\amazonaws\aws-java-sdk-sts\1.12.192\aws-java-sdk-sts-1.12.192.jar;C:\Users\bhowmik_d\.m2\repository\com\amazonaws\aws-java-sdk-sqs\1.12.192\aws-java-sdk-sqs-1.12.192.jar;C:\Users\bhowmik_d\.m2\repository\com\amazonaws\aws-java-sdk-rds\1.12.192\aws-java-sdk-rds-1.12.192.jar;C:\Users\bhowmik_d\.m2\repository\com\amazonaws\aws-java-sdk-redshift\1.12.192\aws-java-sdk-redshift-1.12.192.jar;C:\Users\bhowmik_d\.m2\repository\com\amazonaws\aws-java-sdk-elasticbeanstalk\1.12.192\aws-java-sdk-elasticbeanstalk-1.12.192.jar;C:\Users\bhowmik_d\.m2\repository\com\amazonaws\aws-java-sdk-glacier\1.12.192\aws-java-sdk-glacier-1.12.192.jar;C:\Users\bhowmik_d\.m2\repository\com\amazonaws\aws-java-sdk-iam\1.12.192\aws-java-sdk-iam-1.12.192.jar;C:\Users\bhowmik_d\.m2\repository\com\amazonaws\aws-java-sdk-datapipeline\1.12.192\aws-java-sdk-datapipeline-1.12.192.jar;C:\Users\bhowmik_d\.m2\repository\com\amazonaws\aws-java-sdk-elasticloadbalancing\1.12.192\aws-java-sdk-elasticloadbalancing-1.12.192.jar;C:\Users\bhowmik_d\.m2\repository\com\amazonaws\aws-java-sdk-elasticloadbalancingv2\1.12.192\aws-java-sdk-elasticloadbalancingv2-1.12.192.jar;C:\Users\bhowmik_d\.m2\repository\com\amazonaws\aws-java-sdk-emr\1.12.192\aws-java-sdk-emr-1.12.192.jar;C:\Users\bhowmik_d\.m2\repository\com\amazonaws\aws-java-sdk-elasticache\1.12.192\aws-java-sdk-elasticache-1.12.192.jar;C:\Users\bhowmik_d\.m2\repository\com\amazonaws\aws-java-sdk-elastictranscoder\1.12.192\aws-java-sdk-elastictranscoder-1.12.192.jar;C:\Users\bhowmik_d\.m2\repository\com\amazonaws\aws-java-sdk-ec2\1.12.192\aws-java-sdk-ec2-1.12.192.jar;C:\Users\bhowmik_d\.m2\repository\com\amazonaws\aws-java-sdk-dynamodb\1.12.192\aws-java-sdk-dynamodb-1.12.192.jar;C:\Users\bhowmik_d\.m2\repository\com\amazonaws\aws-java-sdk-sns\1.12.192\aws-java-sdk-sns-1.12.192.jar;C:\Users\bhowmik_d\.m2\repository\com\amazonaws\aws-java-sdk-budgets\1.12.192\aws-java-sdk-budgets-1.12.192.jar;C:\Users\bhowmik_d\.m2\repository\com\amazonaws\aws-java-sdk-cloudtrail\1.12.192\aws-java-sdk-cloudtrail-1.12.192.jar;C:\Users\bhowmik_d\.m2\repository\com\amazonaws\aws-java-sdk-cloudwatch\1.12.192\aws-java-sdk-cloudwatch-1.12.192.jar;C:\Users\bhowmik_d\.m2\repository\com\amazonaws\aws-java-sdk-logs\1.12.192\aws-java-sdk-logs-1.12.192.jar;C:\Users\bhowmik_d\.m2\repository\com\amazonaws\aws-java-sdk-events\1.12.192\aws-java-sdk-events-1.12.192.jar;C:\Users\bhowmik_d\.m2\repository\com\amazonaws\aws-java-sdk-cognitoidentity\1.12.192\aws-java-sdk-cognitoidentity-1.12.192.jar;C:\Users\bhowmik_d\.m2\repository\com\amazonaws\aws-java-sdk-cognitosync\1.12.192\aws-java-sdk-cognitosync-1.12.192.jar;C:\Users\bhowmik_d\.m2\repository\com\amazonaws\aws-java-sdk-directconnect\1.12.192\aws-java-sdk-directconnect-1.12.192.jar;C:\Users\bhowmik_d\.m2\repository\com\amazonaws\aws-java-sdk-cloudformation\1.12.192\aws-java-sdk-cloudformation-1.12.192.jar;C:\Users\bhowmik_d\.m2\repository\com\amazonaws\aws-java-sdk-cloudfront\1.12.192\aws-java-sdk-cloudfront-1.12.192.jar;C:\Users\bhowmik_d\.m2\repository\com\amazonaws\aws-java-sdk-clouddirectory\1.12.192\aws-java-sdk-clouddirectory-1.12.192.jar;C:\Users\bhowmik_d\.m2\repository\com\amazonaws\aws-java-sdk-kinesis\1.12.192\aws-java-sdk-kinesis-1.12.192.jar;C:\Users\bhowmik_d\.m2\repository\com\amazonaws\aws-java-sdk-opsworks\1.12.192\aws-java-sdk-opsworks-1.12.192.jar;C:\Users\bhowmik_d\.m2\repository\com\amazonaws\aws-java-sdk-ses\1.12.192\aws-java-sdk-ses-1.12.192.jar;C:\Users\bhowmik_d\.m2\repository\com\amazonaws\aws-java-sdk-autoscaling\1.12.192\aws-java-sdk-autoscaling-1.12.192.jar;C:\Users\bhowmik_d\.m2\repository\com\amazonaws\aws-java-sdk-cloudsearch\1.12.192\aws-java-sdk-cloudsearch-1.12.192.jar;C:\Users\bhowmik_d\.m2\repository\com\amazonaws\aws-java-sdk-cloudwatchmetrics\1.12.192\aws-java-sdk-cloudwatchmetrics-1.12.192.jar;C:\Users\bhowmik_d\.m2\repository\com\amazonaws\aws-java-sdk-codedeploy\1.12.192\aws-java-sdk-codedeploy-1.12.192.jar;C:\Users\bhowmik_d\.m2\repository\com\amazonaws\aws-java-sdk-codepipeline\1.12.192\aws-java-sdk-codepipeline-1.12.192.jar;C:\Users\bhowmik_d\.m2\repository\com\amazonaws\aws-java-sdk-kms\1.12.192\aws-java-sdk-kms-1.12.192.jar;C:\Users\bhowmik_d\.m2\repository\com\amazonaws\aws-java-sdk-config\1.12.192\aws-java-sdk-config-1.12.192.jar;C:\Users\bhowmik_d\.m2\repository\com\amazonaws\aws-java-sdk-lambda\1.12.192\aws-java-sdk-lambda-1.12.192.jar;C:\Users\bhowmik_d\.m2\repository\com\amazonaws\aws-java-sdk-ecs\1.12.192\aws-java-sdk-ecs-1.12.192.jar;C:\Users\bhowmik_d\.m2\repository\com\amazonaws\aws-java-sdk-ecr\1.12.192\aws-java-sdk-ecr-1.12.192.jar;C:\Users\bhowmik_d\.m2\repository\com\amazonaws\aws-java-sdk-cloudhsm\1.12.192\aws-java-sdk-cloudhsm-1.12.192.jar;C:\Users\bhowmik_d\.m2\repository\com\amazonaws\aws-java-sdk-ssm\1.12.192\aws-java-sdk-ssm-1.12.192.jar;C:\Users\bhowmik_d\.m2\repository\com\amazonaws\aws-java-sdk-workspaces\1.12.192\aws-java-sdk-workspaces-1.12.192.jar;C:\Users\bhowmik_d\.m2\repository\com\amazonaws\aws-java-sdk-machinelearning\1.12.192\aws-java-sdk-machinelearning-1.12.192.jar;C:\Users\bhowmik_d\.m2\repository\com\amazonaws\aws-java-sdk-directory\1.12.192\aws-java-sdk-directory-1.12.192.jar;C:\Users\bhowmik_d\.m2\repository\com\amazonaws\aws-java-sdk-efs\1.12.192\aws-java-sdk-efs-1.12.192.jar;C:\Users\bhowmik_d\.m2\repository\com\amazonaws\aws-java-sdk-codecommit\1.12.192\aws-java-sdk-codecommit-1.12.192.jar;C:\Users\bhowmik_d\.m2\repository\com\amazonaws\aws-java-sdk-devicefarm\1.12.192\aws-java-sdk-devicefarm-1.12.192.jar;C:\Users\bhowmik_d\.m2\repository\com\amazonaws\aws-java-sdk-elasticsearch\1.12.192\aws-java-sdk-elasticsearch-1.12.192.jar;C:\Users\bhowmik_d\.m2\repository\com\amazonaws\aws-java-sdk-waf\1.12.192\aws-java-sdk-waf-1.12.192.jar;C:\Users\bhowmik_d\.m2\repository\com\amazonaws\aws-java-sdk-marketplacecommerceanalytics\1.12.192\aws-java-sdk-marketplacecommerceanalytics-1.12.192.jar;C:\Users\bhowmik_d\.m2\repository\com\amazonaws\aws-java-sdk-inspector\1.12.192\aws-java-sdk-inspector-1.12.192.jar;C:\Users\bhowmik_d\.m2\repository\com\amazonaws\aws-java-sdk-iot\1.12.192\aws-java-sdk-iot-1.12.192.jar;C:\Users\bhowmik_d\.m2\repository\com\amazonaws\aws-java-sdk-api-gateway\1.12.192\aws-java-sdk-api-gateway-1.12.192.jar;C:\Users\bhowmik_d\.m2\repository\com\amazonaws\aws-java-sdk-acm\1.12.192\aws-java-sdk-acm-1.12.192.jar;C:\Users\bhowmik_d\.m2\repository\com\amazonaws\aws-java-sdk-gamelift\1.12.192\aws-java-sdk-gamelift-1.12.192.jar;C:\Users\bhowmik_d\.m2\repository\com\amazonaws\aws-java-sdk-dms\1.12.192\aws-java-sdk-dms-1.12.192.jar;C:\Users\bhowmik_d\.m2\repository\com\amazonaws\aws-java-sdk-marketplacemeteringservice\1.12.192\aws-java-sdk-marketplacemeteringservice-1.12.192.jar;C:\Users\bhowmik_d\.m2\repository\com\amazonaws\aws-java-sdk-cognitoidp\1.12.192\aws-java-sdk-cognitoidp-1.12.192.jar;C:\Users\bhowmik_d\.m2\repository\com\amazonaws\aws-java-sdk-discovery\1.12.192\aws-java-sdk-discovery-1.12.192.jar;C:\Users\bhowmik_d\.m2\repository\com\amazonaws\aws-java-sdk-applicationautoscaling\1.12.192\aws-java-sdk-applicationautoscaling-1.12.192.jar;C:\Users\bhowmik_d\.m2\repository\com\amazonaws\aws-java-sdk-snowball\1.12.192\aws-java-sdk-snowball-1.12.192.jar;C:\Users\bhowmik_d\.m2\repository\com\amazonaws\aws-java-sdk-rekognition\1.12.192\aws-java-sdk-rekognition-1.12.192.jar;C:\Users\bhowmik_d\.m2\repository\com\amazonaws\aws-java-sdk-polly\1.12.192\aws-java-sdk-polly-1.12.192.jar;C:\Users\bhowmik_d\.m2\repository\com\amazonaws\aws-java-sdk-lightsail\1.12.192\aws-java-sdk-lightsail-1.12.192.jar;C:\Users\bhowmik_d\.m2\repository\com\amazonaws\aws-java-sdk-stepfunctions\1.12.192\aws-java-sdk-stepfunctions-1.12.192.jar;C:\Users\bhowmik_d\.m2\repository\com\amazonaws\aws-java-sdk-health\1.12.192\aws-java-sdk-health-1.12.192.jar;C:\Users\bhowmik_d\.m2\repository\com\amazonaws\aws-java-sdk-costandusagereport\1.12.192\aws-java-sdk-costandusagereport-1.12.192.jar;C:\Users\bhowmik_d\.m2\repository\com\amazonaws\aws-java-sdk-codebuild\1.12.192\aws-java-sdk-codebuild-1.12.192.jar;C:\Users\bhowmik_d\.m2\repository\com\amazonaws\aws-java-sdk-appstream\1.12.192\aws-java-sdk-appstream-1.12.192.jar;C:\Users\bhowmik_d\.m2\repository\com\amazonaws\aws-java-sdk-shield\1.12.192\aws-java-sdk-shield-1.12.192.jar;C:\Users\bhowmik_d\.m2\repository\com\amazonaws\aws-java-sdk-batch\1.12.192\aws-java-sdk-batch-1.12.192.jar;C:\Users\bhowmik_d\.m2\repository\com\amazonaws\aws-java-sdk-lex\1.12.192\aws-java-sdk-lex-1.12.192.jar;C:\Users\bhowmik_d\.m2\repository\com\amazonaws\aws-java-sdk-mechanicalturkrequester\1.12.192\aws-java-sdk-mechanicalturkrequester-1.12.192.jar;C:\Users\bhowmik_d\.m2\repository\com\amazonaws\aws-java-sdk-organizations\1.12.192\aws-java-sdk-organizations-1.12.192.jar;C:\Users\bhowmik_d\.m2\repository\com\amazonaws\aws-java-sdk-workdocs\1.12.192\aws-java-sdk-workdocs-1.12.192.jar;C:\Users\bhowmik_d\.m2\repository\com\amazonaws\aws-java-sdk-core\1.12.192\aws-java-sdk-core-1.12.192.jar;C:\Users\bhowmik_d\.m2\repository\software\amazon\ion\ion-java\1.0.2\ion-java-1.0.2.jar;C:\Users\bhowmik_d\.m2\repository\com\fasterxml\jackson\dataformat\jackson-dataformat-cbor\2.12.6\jackson-dataformat-cbor-2.12.6.jar;C:\Users\bhowmik_d\.m2\repository\com\amazonaws\aws-java-sdk-models\1.12.192\aws-java-sdk-models-1.12.192.jar;C:\Users\bhowmik_d\.m2\repository\com\amazonaws\aws-java-sdk-swf-libraries\1.11.22\aws-java-sdk-swf-libraries-1.11.22.jar;C:\Users\bhowmik_d\.m2\repository\ru\yandex\qatools\ashot\ashot\1.5.4\ashot-1.5.4.jar;"/>
    <property name="java.vm.vendor" value="Oracle Corporation"/>
    <property name="sun.arch.data.model" value="64"/>
    <property name="user.variant" value=""/>
    <property name="java.vendor.url" value="http://java.oracle.com/"/>
    <property name="user.timezone" value="Asia/Calcutta"/>
    <property name="java.vm.specification.version" value="1.8"/>
    <property name="os.name" value="Windows 10"/>
    <property name="user.country" value="IN"/>
    <property name="sun.java.launcher" value="SUN_STANDARD"/>
    <property name="sun.boot.library.path" value="C:\Program Files\Java\jdk1.8.0_321\jre\bin"/>
    <property name="sun.java.command" value="C:\Users\bhowmik_d\AppData\Local\Temp\surefire4264454197361980754\surefirebooter2029510236829433762.jar C:\Users\bhowmik_d\AppData\Local\Temp\surefire4264454197361980754 2022-04-17T11-55-25_484-jvmRun1 surefire8335216542191539658tmp surefire_01774073672436128536tmp"/>
    <property name="surefire.test.class.path" value="D:\Workspace\AutomationProject\target\test-classes;D:\Workspace\AutomationProject\target\classes;C:\Users\bhowmik_d\.m2\repository\org\seleniumhq\selenium\selenium-java\4.0.0-alpha-5\selenium-java-4.0.0-alpha-5.jar;C:\Users\bhowmik_d\.m2\repository\org\seleniumhq\selenium\selenium-api\4.0.0-alpha-5\selenium-api-4.0.0-alpha-5.jar;C:\Users\bhowmik_d\.m2\repository\org\seleniumhq\selenium\selenium-chrome-driver\4.0.0-alpha-5\selenium-chrome-driver-4.0.0-alpha-5.jar;C:\Users\bhowmik_d\.m2\repository\com\google\auto\service\auto-service-annotations\1.0-rc6\auto-service-annotations-1.0-rc6.jar;C:\Users\bhowmik_d\.m2\repository\com\google\auto\service\auto-service\1.0-rc6\auto-service-1.0-rc6.jar;C:\Users\bhowmik_d\.m2\repository\com\google\auto\auto-common\0.10\auto-common-0.10.jar;C:\Users\bhowmik_d\.m2\repository\org\seleniumhq\selenium\selenium-chromium-driver\4.0.0-alpha-5\selenium-chromium-driver-4.0.0-alpha-5.jar;C:\Users\bhowmik_d\.m2\repository\org\seleniumhq\selenium\selenium-devtools\4.0.0-alpha-5\selenium-devtools-4.0.0-alpha-5.jar;C:\Users\bhowmik_d\.m2\repository\org\seleniumhq\selenium\selenium-http\4.0.0-alpha-5\selenium-http-4.0.0-alpha-5.jar;C:\Users\bhowmik_d\.m2\repository\org\seleniumhq\selenium\selenium-json\4.0.0-alpha-5\selenium-json-4.0.0-alpha-5.jar;C:\Users\bhowmik_d\.m2\repository\org\seleniumhq\selenium\selenium-edge-driver\4.0.0-alpha-5\selenium-edge-driver-4.0.0-alpha-5.jar;C:\Users\bhowmik_d\.m2\repository\org\seleniumhq\selenium\selenium-edgehtml-driver\4.0.0-alpha-5\selenium-edgehtml-driver-4.0.0-alpha-5.jar;C:\Users\bhowmik_d\.m2\repository\org\seleniumhq\selenium\selenium-firefox-driver\4.0.0-alpha-5\selenium-firefox-driver-4.0.0-alpha-5.jar;C:\Users\bhowmik_d\.m2\repository\org\seleniumhq\selenium\selenium-firefox-xpi-driver\4.0.0-alpha-5\selenium-firefox-xpi-driver-4.0.0-alpha-5.jar;C:\Users\bhowmik_d\.m2\repository\org\seleniumhq\selenium\selenium-ie-driver\4.0.0-alpha-5\selenium-ie-driver-4.0.0-alpha-5.jar;C:\Users\bhowmik_d\.m2\repository\org\seleniumhq\selenium\selenium-opera-driver\4.0.0-alpha-5\selenium-opera-driver-4.0.0-alpha-5.jar;C:\Users\bhowmik_d\.m2\repository\org\seleniumhq\selenium\selenium-remote-driver\4.0.0-alpha-5\selenium-remote-driver-4.0.0-alpha-5.jar;C:\Users\bhowmik_d\.m2\repository\com\typesafe\netty\netty-reactive-streams\2.0.4\netty-reactive-streams-2.0.4.jar;C:\Users\bhowmik_d\.m2\repository\io\netty\netty-buffer\4.1.47.Final\netty-buffer-4.1.47.Final.jar;C:\Users\bhowmik_d\.m2\repository\io\netty\netty-codec-http\4.1.47.Final\netty-codec-http-4.1.47.Final.jar;C:\Users\bhowmik_d\.m2\repository\io\netty\netty-transport-native-epoll\4.1.47.Final\netty-transport-native-epoll-4.1.47.Final.jar;C:\Users\bhowmik_d\.m2\repository\io\netty\netty-transport-native-epoll\4.1.47.Final\netty-transport-native-epoll-4.1.47.Final-linux-x86_64.jar;C:\Users\bhowmik_d\.m2\repository\io\netty\netty-transport-native-kqueue\4.1.47.Final\netty-transport-native-kqueue-4.1.47.Final.jar;C:\Users\bhowmik_d\.m2\repository\io\netty\netty-transport-native-kqueue\4.1.47.Final\netty-transport-native-kqueue-4.1.47.Final-osx-x86_64.jar;C:\Users\bhowmik_d\.m2\repository\io\netty\netty-transport-native-unix-common\4.1.47.Final\netty-transport-native-unix-common-4.1.47.Final.jar;C:\Users\bhowmik_d\.m2\repository\io\netty\netty-transport\4.1.47.Final\netty-transport-4.1.47.Final.jar;C:\Users\bhowmik_d\.m2\repository\io\netty\netty-resolver\4.1.47.Final\netty-resolver-4.1.47.Final.jar;C:\Users\bhowmik_d\.m2\repository\io\opentelemetry\opentelemetry-api\0.2.0\opentelemetry-api-0.2.0.jar;C:\Users\bhowmik_d\.m2\repository\io\grpc\grpc-context\1.24.0\grpc-context-1.24.0.jar;C:\Users\bhowmik_d\.m2\repository\org\asynchttpclient\async-http-client\2.11.0\async-http-client-2.11.0.jar;C:\Users\bhowmik_d\.m2\repository\org\asynchttpclient\async-http-client-netty-utils\2.11.0\async-http-client-netty-utils-2.11.0.jar;C:\Users\bhowmik_d\.m2\repository\io\netty\netty-codec-socks\4.1.46.Final\netty-codec-socks-4.1.46.Final.jar;C:\Users\bhowmik_d\.m2\repository\io\netty\netty-handler-proxy\4.1.46.Final\netty-handler-proxy-4.1.46.Final.jar;C:\Users\bhowmik_d\.m2\repository\com\sun\activation\javax.activation\1.2.0\javax.activation-1.2.0.jar;C:\Users\bhowmik_d\.m2\repository\org\seleniumhq\selenium\selenium-safari-driver\4.0.0-alpha-5\selenium-safari-driver-4.0.0-alpha-5.jar;C:\Users\bhowmik_d\.m2\repository\org\seleniumhq\selenium\selenium-support\4.0.0-alpha-5\selenium-support-4.0.0-alpha-5.jar;C:\Users\bhowmik_d\.m2\repository\com\microsoft\edge\msedge-selenium-tools-java\3.141.1\msedge-selenium-tools-java-3.141.1.jar;C:\Users\bhowmik_d\.m2\repository\net\bytebuddy\byte-buddy\1.8.15\byte-buddy-1.8.15.jar;C:\Users\bhowmik_d\.m2\repository\org\apache\commons\commons-exec\1.3\commons-exec-1.3.jar;C:\Users\bhowmik_d\.m2\repository\com\google\guava\guava\29.0-jre\guava-29.0-jre.jar;C:\Users\bhowmik_d\.m2\repository\com\google\guava\failureaccess\1.0.1\failureaccess-1.0.1.jar;C:\Users\bhowmik_d\.m2\repository\com\google\guava\listenablefuture\9999.0-empty-to-avoid-conflict-with-guava\listenablefuture-9999.0-empty-to-avoid-conflict-with-guava.jar;C:\Users\bhowmik_d\.m2\repository\com\google\code\findbugs\jsr305\3.0.2\jsr305-3.0.2.jar;C:\Users\bhowmik_d\.m2\repository\org\checkerframework\checker-qual\2.11.1\checker-qual-2.11.1.jar;C:\Users\bhowmik_d\.m2\repository\com\google\errorprone\error_prone_annotations\2.3.4\error_prone_annotations-2.3.4.jar;C:\Users\bhowmik_d\.m2\repository\com\google\j2objc\j2objc-annotations\1.3\j2objc-annotations-1.3.jar;C:\Users\bhowmik_d\.m2\repository\com\squareup\okhttp3\okhttp\3.11.0\okhttp-3.11.0.jar;C:\Users\bhowmik_d\.m2\repository\com\squareup\okio\okio\1.14.0\okio-1.14.0.jar;C:\Users\bhowmik_d\.m2\repository\joda-time\joda-time\2.9.9\joda-time-2.9.9.jar;C:\Users\bhowmik_d\.m2\repository\org\testng\testng\6.14.3\testng-6.14.3.jar;C:\Users\bhowmik_d\.m2\repository\com\beust\jcommander\1.72\jcommander-1.72.jar;C:\Users\bhowmik_d\.m2\repository\org\apache-extras\beanshell\bsh\2.0b6\bsh-2.0b6.jar;C:\Users\bhowmik_d\.m2\repository\org\apache\commons\commons-email\1.5\commons-email-1.5.jar;C:\Users\bhowmik_d\.m2\repository\com\sun\mail\javax.mail\1.5.6\javax.mail-1.5.6.jar;C:\Users\bhowmik_d\.m2\repository\javax\activation\activation\1.1\activation-1.1.jar;C:\Users\bhowmik_d\.m2\repository\io\github\bonigarcia\webdrivermanager\4.2.2\webdrivermanager-4.2.2.jar;C:\Users\bhowmik_d\.m2\repository\org\slf4j\slf4j-api\1.7.30\slf4j-api-1.7.30.jar;C:\Users\bhowmik_d\.m2\repository\commons-io\commons-io\2.8.0\commons-io-2.8.0.jar;C:\Users\bhowmik_d\.m2\repository\com\google\code\gson\gson\2.8.6\gson-2.8.6.jar;C:\Users\bhowmik_d\.m2\repository\org\apache\commons\commons-lang3\3.11\commons-lang3-3.11.jar;C:\Users\bhowmik_d\.m2\repository\org\apache\httpcomponents\client5\httpclient5\5.0.1\httpclient5-5.0.1.jar;C:\Users\bhowmik_d\.m2\repository\org\apache\httpcomponents\core5\httpcore5\5.0.1\httpcore5-5.0.1.jar;C:\Users\bhowmik_d\.m2\repository\org\apache\httpcomponents\core5\httpcore5-h2\5.0.1\httpcore5-h2-5.0.1.jar;C:\Users\bhowmik_d\.m2\repository\commons-codec\commons-codec\1.13\commons-codec-1.13.jar;C:\Users\bhowmik_d\.m2\repository\org\rauschig\jarchivelib\1.1.0\jarchivelib-1.1.0.jar;C:\Users\bhowmik_d\.m2\repository\org\apache\commons\commons-compress\1.20\commons-compress-1.20.jar;C:\Users\bhowmik_d\.m2\repository\org\jsoup\jsoup\1.13.1\jsoup-1.13.1.jar;C:\Users\bhowmik_d\.m2\repository\org\jetbrains\annotations\16.0.3\annotations-16.0.3.jar;C:\Users\bhowmik_d\.m2\repository\com\neovisionaries\nv-websocket-client\2.14\nv-websocket-client-2.14.jar;C:\Users\bhowmik_d\.m2\repository\com\jayway\restassured\rest-assured\2.9.0\rest-assured-2.9.0.jar;C:\Users\bhowmik_d\.m2\repository\org\codehaus\groovy\groovy\2.4.4\groovy-2.4.4.jar;C:\Users\bhowmik_d\.m2\repository\org\codehaus\groovy\groovy-xml\2.4.4\groovy-xml-2.4.4.jar;C:\Users\bhowmik_d\.m2\repository\org\apache\httpcomponents\httpclient\4.5.1\httpclient-4.5.1.jar;C:\Users\bhowmik_d\.m2\repository\org\apache\httpcomponents\httpcore\4.4.3\httpcore-4.4.3.jar;C:\Users\bhowmik_d\.m2\repository\commons-logging\commons-logging\1.2\commons-logging-1.2.jar;C:\Users\bhowmik_d\.m2\repository\org\apache\httpcomponents\httpmime\4.5.1\httpmime-4.5.1.jar;C:\Users\bhowmik_d\.m2\repository\org\hamcrest\hamcrest-core\1.3\hamcrest-core-1.3.jar;C:\Users\bhowmik_d\.m2\repository\org\hamcrest\hamcrest-library\1.3\hamcrest-library-1.3.jar;C:\Users\bhowmik_d\.m2\repository\org\ccil\cowan\tagsoup\tagsoup\1.2.1\tagsoup-1.2.1.jar;C:\Users\bhowmik_d\.m2\repository\com\jayway\restassured\json-path\2.9.0\json-path-2.9.0.jar;C:\Users\bhowmik_d\.m2\repository\org\codehaus\groovy\groovy-json\2.4.4\groovy-json-2.4.4.jar;C:\Users\bhowmik_d\.m2\repository\com\jayway\restassured\rest-assured-common\2.9.0\rest-assured-common-2.9.0.jar;C:\Users\bhowmik_d\.m2\repository\com\jayway\restassured\xml-path\2.9.0\xml-path-2.9.0.jar;C:\Users\bhowmik_d\.m2\repository\software\amazon\awssdk\s3\2.16.60\s3-2.16.60.jar;C:\Users\bhowmik_d\.m2\repository\software\amazon\awssdk\aws-xml-protocol\2.16.60\aws-xml-protocol-2.16.60.jar;C:\Users\bhowmik_d\.m2\repository\software\amazon\awssdk\aws-query-protocol\2.16.60\aws-query-protocol-2.16.60.jar;C:\Users\bhowmik_d\.m2\repository\software\amazon\awssdk\protocol-core\2.16.60\protocol-core-2.16.60.jar;C:\Users\bhowmik_d\.m2\repository\software\amazon\awssdk\arns\2.16.60\arns-2.16.60.jar;C:\Users\bhowmik_d\.m2\repository\software\amazon\awssdk\profiles\2.16.60\profiles-2.16.60.jar;C:\Users\bhowmik_d\.m2\repository\software\amazon\awssdk\sdk-core\2.16.60\sdk-core-2.16.60.jar;C:\Users\bhowmik_d\.m2\repository\com\fasterxml\jackson\core\jackson-core\2.12.3\jackson-core-2.12.3.jar;C:\Users\bhowmik_d\.m2\repository\com\fasterxml\jackson\core\jackson-databind\2.12.1\jackson-databind-2.12.1.jar;C:\Users\bhowmik_d\.m2\repository\org\reactivestreams\reactive-streams\1.0.3\reactive-streams-1.0.3.jar;C:\Users\bhowmik_d\.m2\repository\software\amazon\awssdk\auth\2.16.60\auth-2.16.60.jar;C:\Users\bhowmik_d\.m2\repository\software\amazon\eventstream\eventstream\1.0.1\eventstream-1.0.1.jar;C:\Users\bhowmik_d\.m2\repository\software\amazon\awssdk\http-client-spi\2.16.60\http-client-spi-2.16.60.jar;C:\Users\bhowmik_d\.m2\repository\software\amazon\awssdk\regions\2.16.60\regions-2.16.60.jar;C:\Users\bhowmik_d\.m2\repository\com\fasterxml\jackson\core\jackson-annotations\2.12.3\jackson-annotations-2.12.3.jar;C:\Users\bhowmik_d\.m2\repository\software\amazon\awssdk\annotations\2.16.60\annotations-2.16.60.jar;C:\Users\bhowmik_d\.m2\repository\software\amazon\awssdk\utils\2.16.60\utils-2.16.60.jar;C:\Users\bhowmik_d\.m2\repository\software\amazon\awssdk\aws-core\2.16.60\aws-core-2.16.60.jar;C:\Users\bhowmik_d\.m2\repository\software\amazon\awssdk\metrics-spi\2.16.60\metrics-spi-2.16.60.jar;C:\Users\bhowmik_d\.m2\repository\software\amazon\awssdk\apache-client\2.16.60\apache-client-2.16.60.jar;C:\Users\bhowmik_d\.m2\repository\software\amazon\awssdk\netty-nio-client\2.16.60\netty-nio-client-2.16.60.jar;C:\Users\bhowmik_d\.m2\repository\io\netty\netty-codec-http2\4.1.63.Final\netty-codec-http2-4.1.63.Final.jar;C:\Users\bhowmik_d\.m2\repository\io\netty\netty-codec\4.1.63.Final\netty-codec-4.1.63.Final.jar;C:\Users\bhowmik_d\.m2\repository\io\netty\netty-common\4.1.63.Final\netty-common-4.1.63.Final.jar;C:\Users\bhowmik_d\.m2\repository\io\netty\netty-handler\4.1.63.Final\netty-handler-4.1.63.Final.jar;C:\Users\bhowmik_d\.m2\repository\com\typesafe\netty\netty-reactive-streams-http\2.0.4\netty-reactive-streams-http-2.0.4.jar;C:\Users\bhowmik_d\.m2\repository\junit\junit\4.13.2\junit-4.13.2.jar;C:\Users\bhowmik_d\.m2\repository\io\qameta\allure\allure-testng\2.13.5\allure-testng-2.13.5.jar;C:\Users\bhowmik_d\.m2\repository\io\qameta\allure\allure-java-commons\2.13.5\allure-java-commons-2.13.5.jar;C:\Users\bhowmik_d\.m2\repository\io\qameta\allure\allure-model\2.13.5\allure-model-2.13.5.jar;C:\Users\bhowmik_d\.m2\repository\org\apache\tika\tika-core\1.20\tika-core-1.20.jar;C:\Users\bhowmik_d\.m2\repository\org\jooq\joor-java-8\0.9.10\joor-java-8-0.9.10.jar;C:\Users\bhowmik_d\.m2\repository\org\jprocesses\jProcesses\1.6.4\jProcesses-1.6.4.jar;C:\Users\bhowmik_d\.m2\repository\com\profesorfalken\WMI4Java\1.6.1\WMI4Java-1.6.1.jar;C:\Users\bhowmik_d\.m2\repository\com\profesorfalken\jPowerShell\1.9\jPowerShell-1.9.jar;C:\Users\bhowmik_d\.m2\repository\com\amazonaws\aws-java-sdk\1.12.192\aws-java-sdk-1.12.192.jar;C:\Users\bhowmik_d\.m2\repository\com\amazonaws\aws-java-sdk-pinpointsmsvoicev2\1.12.192\aws-java-sdk-pinpointsmsvoicev2-1.12.192.jar;C:\Users\bhowmik_d\.m2\repository\com\amazonaws\jmespath-java\1.12.192\jmespath-java-1.12.192.jar;C:\Users\bhowmik_d\.m2\repository\com\amazonaws\aws-java-sdk-gamesparks\1.12.192\aws-java-sdk-gamesparks-1.12.192.jar;C:\Users\bhowmik_d\.m2\repository\com\amazonaws\aws-java-sdk-billingconductor\1.12.192\aws-java-sdk-billingconductor-1.12.192.jar;C:\Users\bhowmik_d\.m2\repository\com\amazonaws\aws-java-sdk-keyspaces\1.12.192\aws-java-sdk-keyspaces-1.12.192.jar;C:\Users\bhowmik_d\.m2\repository\com\amazonaws\aws-java-sdk-amplifyuibuilder\1.12.192\aws-java-sdk-amplifyuibuilder-1.12.192.jar;C:\Users\bhowmik_d\.m2\repository\com\amazonaws\aws-java-sdk-backupgateway\1.12.192\aws-java-sdk-backupgateway-1.12.192.jar;C:\Users\bhowmik_d\.m2\repository\com\amazonaws\aws-java-sdk-workspacesweb\1.12.192\aws-java-sdk-workspacesweb-1.12.192.jar;C:\Users\bhowmik_d\.m2\repository\com\amazonaws\aws-java-sdk-iottwinmaker\1.12.192\aws-java-sdk-iottwinmaker-1.12.192.jar;C:\Users\bhowmik_d\.m2\repository\com\amazonaws\aws-java-sdk-recyclebin\1.12.192\aws-java-sdk-recyclebin-1.12.192.jar;C:\Users\bhowmik_d\.m2\repository\com\amazonaws\aws-java-sdk-cloudwatchrum\1.12.192\aws-java-sdk-cloudwatchrum-1.12.192.jar;C:\Users\bhowmik_d\.m2\repository\com\amazonaws\aws-java-sdk-cloudwatchevidently\1.12.192\aws-java-sdk-cloudwatchevidently-1.12.192.jar;C:\Users\bhowmik_d\.m2\repository\com\amazonaws\aws-java-sdk-inspector2\1.12.192\aws-java-sdk-inspector2-1.12.192.jar;C:\Users\bhowmik_d\.m2\repository\com\amazonaws\aws-java-sdk-migrationhubrefactorspaces\1.12.192\aws-java-sdk-migrationhubrefactorspaces-1.12.192.jar;C:\Users\bhowmik_d\.m2\repository\com\amazonaws\aws-java-sdk-appconfigdata\1.12.192\aws-java-sdk-appconfigdata-1.12.192.jar;C:\Users\bhowmik_d\.m2\repository\com\amazonaws\aws-java-sdk-drs\1.12.192\aws-java-sdk-drs-1.12.192.jar;C:\Users\bhowmik_d\.m2\repository\com\amazonaws\aws-java-sdk-migrationhubstrategyrecommendations\1.12.192\aws-java-sdk-migrationhubstrategyrecommendations-1.12.192.jar;C:\Users\bhowmik_d\.m2\repository\com\amazonaws\aws-java-sdk-resiliencehub\1.12.192\aws-java-sdk-resiliencehub-1.12.192.jar;C:\Users\bhowmik_d\.m2\repository\com\amazonaws\aws-java-sdk-chimesdkmeetings\1.12.192\aws-java-sdk-chimesdkmeetings-1.12.192.jar;C:\Users\bhowmik_d\.m2\repository\com\amazonaws\aws-java-sdk-panorama\1.12.192\aws-java-sdk-panorama-1.12.192.jar;C:\Users\bhowmik_d\.m2\repository\com\amazonaws\aws-java-sdk-managedgrafana\1.12.192\aws-java-sdk-managedgrafana-1.12.192.jar;C:\Users\bhowmik_d\.m2\repository\com\amazonaws\aws-java-sdk-cloudcontrolapi\1.12.192\aws-java-sdk-cloudcontrolapi-1.12.192.jar;C:\Users\bhowmik_d\.m2\repository\com\amazonaws\aws-java-sdk-account\1.12.192\aws-java-sdk-account-1.12.192.jar;C:\Users\bhowmik_d\.m2\repository\com\amazonaws\aws-java-sdk-voiceid\1.12.192\aws-java-sdk-voiceid-1.12.192.jar;C:\Users\bhowmik_d\.m2\repository\com\amazonaws\aws-java-sdk-connectwisdom\1.12.192\aws-java-sdk-connectwisdom-1.12.192.jar;C:\Users\bhowmik_d\.m2\repository\com\amazonaws\aws-java-sdk-kafkaconnect\1.12.192\aws-java-sdk-kafkaconnect-1.12.192.jar;C:\Users\bhowmik_d\.m2\repository\com\amazonaws\aws-java-sdk-opensearch\1.12.192\aws-java-sdk-opensearch-1.12.192.jar;C:\Users\bhowmik_d\.m2\repository\com\amazonaws\aws-java-sdk-memorydb\1.12.192\aws-java-sdk-memorydb-1.12.192.jar;C:\Users\bhowmik_d\.m2\repository\com\amazonaws\aws-java-sdk-snowdevicemanagement\1.12.192\aws-java-sdk-snowdevicemanagement-1.12.192.jar;C:\Users\bhowmik_d\.m2\repository\com\amazonaws\aws-java-sdk-chimesdkidentity\1.12.192\aws-java-sdk-chimesdkidentity-1.12.192.jar;C:\Users\bhowmik_d\.m2\repository\com\amazonaws\aws-java-sdk-chimesdkmessaging\1.12.192\aws-java-sdk-chimesdkmessaging-1.12.192.jar;C:\Users\bhowmik_d\.m2\repository\com\amazonaws\aws-java-sdk-route53recoverycluster\1.12.192\aws-java-sdk-route53recoverycluster-1.12.192.jar;C:\Users\bhowmik_d\.m2\repository\com\amazonaws\aws-java-sdk-route53recoverycontrolconfig\1.12.192\aws-java-sdk-route53recoverycontrolconfig-1.12.192.jar;C:\Users\bhowmik_d\.m2\repository\com\amazonaws\aws-java-sdk-route53recoveryreadiness\1.12.192\aws-java-sdk-route53recoveryreadiness-1.12.192.jar;C:\Users\bhowmik_d\.m2\repository\com\amazonaws\aws-java-sdk-proton\1.12.192\aws-java-sdk-proton-1.12.192.jar;C:\Users\bhowmik_d\.m2\repository\com\amazonaws\aws-java-sdk-apprunner\1.12.192\aws-java-sdk-apprunner-1.12.192.jar;C:\Users\bhowmik_d\.m2\repository\com\amazonaws\aws-java-sdk-applicationcostprofiler\1.12.192\aws-java-sdk-applicationcostprofiler-1.12.192.jar;C:\Users\bhowmik_d\.m2\repository\com\amazonaws\aws-java-sdk-ssmcontacts\1.12.192\aws-java-sdk-ssmcontacts-1.12.192.jar;C:\Users\bhowmik_d\.m2\repository\com\amazonaws\aws-java-sdk-ssmincidents\1.12.192\aws-java-sdk-ssmincidents-1.12.192.jar;C:\Users\bhowmik_d\.m2\repository\com\amazonaws\aws-java-sdk-finspacedata\1.12.192\aws-java-sdk-finspacedata-1.12.192.jar;C:\Users\bhowmik_d\.m2\repository\com\amazonaws\aws-java-sdk-finspace\1.12.192\aws-java-sdk-finspace-1.12.192.jar;C:\Users\bhowmik_d\.m2\repository\com\amazonaws\aws-java-sdk-nimblestudio\1.12.192\aws-java-sdk-nimblestudio-1.12.192.jar;C:\Users\bhowmik_d\.m2\repository\com\amazonaws\aws-java-sdk-lookoutequipment\1.12.192\aws-java-sdk-lookoutequipment-1.12.192.jar;C:\Users\bhowmik_d\.m2\repository\com\amazonaws\aws-java-sdk-mgn\1.12.192\aws-java-sdk-mgn-1.12.192.jar;C:\Users\bhowmik_d\.m2\repository\com\amazonaws\aws-java-sdk-lookoutmetrics\1.12.192\aws-java-sdk-lookoutmetrics-1.12.192.jar;C:\Users\bhowmik_d\.m2\repository\com\amazonaws\aws-java-sdk-fis\1.12.192\aws-java-sdk-fis-1.12.192.jar;C:\Users\bhowmik_d\.m2\repository\com\amazonaws\aws-java-sdk-lexmodelsv2\1.12.192\aws-java-sdk-lexmodelsv2-1.12.192.jar;C:\Users\bhowmik_d\.m2\repository\com\amazonaws\aws-java-sdk-lexruntimev2\1.12.192\aws-java-sdk-lexruntimev2-1.12.192.jar;C:\Users\bhowmik_d\.m2\repository\com\amazonaws\aws-java-sdk-wellarchitected\1.12.192\aws-java-sdk-wellarchitected-1.12.192.jar;C:\Users\bhowmik_d\.m2\repository\com\amazonaws\aws-java-sdk-location\1.12.192\aws-java-sdk-location-1.12.192.jar;C:\Users\bhowmik_d\.m2\repository\com\amazonaws\aws-java-sdk-iotdeviceadvisor\1.12.192\aws-java-sdk-iotdeviceadvisor-1.12.192.jar;C:\Users\bhowmik_d\.m2\repository\com\amazonaws\aws-java-sdk-iotfleethub\1.12.192\aws-java-sdk-iotfleethub-1.12.192.jar;C:\Users\bhowmik_d\.m2\repository\com\amazonaws\aws-java-sdk-iotwireless\1.12.192\aws-java-sdk-iotwireless-1.12.192.jar;C:\Users\bhowmik_d\.m2\repository\com\amazonaws\aws-java-sdk-greengrassv2\1.12.192\aws-java-sdk-greengrassv2-1.12.192.jar;C:\Users\bhowmik_d\.m2\repository\com\amazonaws\aws-java-sdk-prometheus\1.12.192\aws-java-sdk-prometheus-1.12.192.jar;C:\Users\bhowmik_d\.m2\repository\com\amazonaws\aws-java-sdk-auditmanager\1.12.192\aws-java-sdk-auditmanager-1.12.192.jar;C:\Users\bhowmik_d\.m2\repository\com\amazonaws\aws-java-sdk-healthlake\1.12.192\aws-java-sdk-healthlake-1.12.192.jar;C:\Users\bhowmik_d\.m2\repository\com\amazonaws\aws-java-sdk-sagemakeredgemanager\1.12.192\aws-java-sdk-sagemakeredgemanager-1.12.192.jar;C:\Users\bhowmik_d\.m2\repository\com\amazonaws\aws-java-sdk-emrcontainers\1.12.192\aws-java-sdk-emrcontainers-1.12.192.jar;C:\Users\bhowmik_d\.m2\repository\com\amazonaws\aws-java-sdk-customerprofiles\1.12.192\aws-java-sdk-customerprofiles-1.12.192.jar;C:\Users\bhowmik_d\.m2\repository\com\amazonaws\aws-java-sdk-lookoutforvision\1.12.192\aws-java-sdk-lookoutforvision-1.12.192.jar;C:\Users\bhowmik_d\.m2\repository\com\amazonaws\aws-java-sdk-connectcontactlens\1.12.192\aws-java-sdk-connectcontactlens-1.12.192.jar;C:\Users\bhowmik_d\.m2\repository\com\amazonaws\aws-java-sdk-amplifybackend\1.12.192\aws-java-sdk-amplifybackend-1.12.192.jar;C:\Users\bhowmik_d\.m2\repository\com\amazonaws\aws-java-sdk-ecrpublic\1.12.192\aws-java-sdk-ecrpublic-1.12.192.jar;C:\Users\bhowmik_d\.m2\repository\com\amazonaws\aws-java-sdk-appintegrations\1.12.192\aws-java-sdk-appintegrations-1.12.192.jar;C:\Users\bhowmik_d\.m2\repository\com\amazonaws\aws-java-sdk-sagemakerfeaturestoreruntime\1.12.192\aws-java-sdk-sagemakerfeaturestoreruntime-1.12.192.jar;C:\Users\bhowmik_d\.m2\repository\com\amazonaws\aws-java-sdk-devopsguru\1.12.192\aws-java-sdk-devopsguru-1.12.192.jar;C:\Users\bhowmik_d\.m2\repository\com\amazonaws\aws-java-sdk-mwaa\1.12.192\aws-java-sdk-mwaa-1.12.192.jar;C:\Users\bhowmik_d\.m2\repository\com\amazonaws\aws-java-sdk-networkfirewall\1.12.192\aws-java-sdk-networkfirewall-1.12.192.jar;C:\Users\bhowmik_d\.m2\repository\com\amazonaws\aws-java-sdk-appregistry\1.12.192\aws-java-sdk-appregistry-1.12.192.jar;C:\Users\bhowmik_d\.m2\repository\com\amazonaws\aws-java-sdk-gluedatabrew\1.12.192\aws-java-sdk-gluedatabrew-1.12.192.jar;C:\Users\bhowmik_d\.m2\repository\com\amazonaws\aws-java-sdk-s3outposts\1.12.192\aws-java-sdk-s3outposts-1.12.192.jar;C:\Users\bhowmik_d\.m2\repository\com\amazonaws\aws-java-sdk-timestreamquery\1.12.192\aws-java-sdk-timestreamquery-1.12.192.jar;C:\Users\bhowmik_d\.m2\repository\com\amazonaws\aws-java-sdk-timestreamwrite\1.12.192\aws-java-sdk-timestreamwrite-1.12.192.jar;C:\Users\bhowmik_d\.m2\repository\com\amazonaws\aws-java-sdk-ssoadmin\1.12.192\aws-java-sdk-ssoadmin-1.12.192.jar;C:\Users\bhowmik_d\.m2\repository\com\amazonaws\aws-java-sdk-redshiftdataapi\1.12.192\aws-java-sdk-redshiftdataapi-1.12.192.jar;C:\Users\bhowmik_d\.m2\repository\com\amazonaws\aws-java-sdk-appflow\1.12.192\aws-java-sdk-appflow-1.12.192.jar;C:\Users\bhowmik_d\.m2\repository\com\amazonaws\aws-java-sdk-identitystore\1.12.192\aws-java-sdk-identitystore-1.12.192.jar;C:\Users\bhowmik_d\.m2\repository\com\amazonaws\aws-java-sdk-braket\1.12.192\aws-java-sdk-braket-1.12.192.jar;C:\Users\bhowmik_d\.m2\repository\com\amazonaws\aws-java-sdk-ivs\1.12.192\aws-java-sdk-ivs-1.12.192.jar;C:\Users\bhowmik_d\.m2\repository\com\amazonaws\aws-java-sdk-honeycode\1.12.192\aws-java-sdk-honeycode-1.12.192.jar;C:\Users\bhowmik_d\.m2\repository\com\amazonaws\aws-java-sdk-codeartifact\1.12.192\aws-java-sdk-codeartifact-1.12.192.jar;C:\Users\bhowmik_d\.m2\repository\com\amazonaws\aws-java-sdk-macie2\1.12.192\aws-java-sdk-macie2-1.12.192.jar;C:\Users\bhowmik_d\.m2\repository\com\amazonaws\aws-java-sdk-iotsitewise\1.12.192\aws-java-sdk-iotsitewise-1.12.192.jar;C:\Users\bhowmik_d\.m2\repository\com\amazonaws\aws-java-sdk-synthetics\1.12.192\aws-java-sdk-synthetics-1.12.192.jar;C:\Users\bhowmik_d\.m2\repository\com\amazonaws\aws-java-sdk-codestarconnections\1.12.192\aws-java-sdk-codestarconnections-1.12.192.jar;C:\Users\bhowmik_d\.m2\repository\com\amazonaws\aws-java-sdk-detective\1.12.192\aws-java-sdk-detective-1.12.192.jar;C:\Users\bhowmik_d\.m2\repository\com\amazonaws\aws-java-sdk-kinesisvideosignalingchannels\1.12.192\aws-java-sdk-kinesisvideosignalingchannels-1.12.192.jar;C:\Users\bhowmik_d\.m2\repository\com\amazonaws\aws-java-sdk-ebs\1.12.192\aws-java-sdk-ebs-1.12.192.jar;C:\Users\bhowmik_d\.m2\repository\com\amazonaws\aws-java-sdk-augmentedairuntime\1.12.192\aws-java-sdk-augmentedairuntime-1.12.192.jar;C:\Users\bhowmik_d\.m2\repository\com\amazonaws\aws-java-sdk-outposts\1.12.192\aws-java-sdk-outposts-1.12.192.jar;C:\Users\bhowmik_d\.m2\repository\com\amazonaws\aws-java-sdk-codeguruprofiler\1.12.192\aws-java-sdk-codeguruprofiler-1.12.192.jar;C:\Users\bhowmik_d\.m2\repository\com\amazonaws\aws-java-sdk-codegurureviewer\1.12.192\aws-java-sdk-codegurureviewer-1.12.192.jar;C:\Users\bhowmik_d\.m2\repository\com\amazonaws\aws-java-sdk-frauddetector\1.12.192\aws-java-sdk-frauddetector-1.12.192.jar;C:\Users\bhowmik_d\.m2\repository\com\amazonaws\aws-java-sdk-kendra\1.12.192\aws-java-sdk-kendra-1.12.192.jar;C:\Users\bhowmik_d\.m2\repository\com\amazonaws\aws-java-sdk-networkmanager\1.12.192\aws-java-sdk-networkmanager-1.12.192.jar;C:\Users\bhowmik_d\.m2\repository\com\amazonaws\aws-java-sdk-computeoptimizer\1.12.192\aws-java-sdk-computeoptimizer-1.12.192.jar;C:\Users\bhowmik_d\.m2\repository\com\amazonaws\aws-java-sdk-accessanalyzer\1.12.192\aws-java-sdk-accessanalyzer-1.12.192.jar;C:\Users\bhowmik_d\.m2\repository\com\amazonaws\aws-java-sdk-schemas\1.12.192\aws-java-sdk-schemas-1.12.192.jar;C:\Users\bhowmik_d\.m2\repository\com\amazonaws\aws-java-sdk-imagebuilder\1.12.192\aws-java-sdk-imagebuilder-1.12.192.jar;C:\Users\bhowmik_d\.m2\repository\com\amazonaws\aws-java-sdk-elasticinference\1.12.192\aws-java-sdk-elasticinference-1.12.192.jar;C:\Users\bhowmik_d\.m2\repository\com\amazonaws\aws-java-sdk-iotsecuretunneling\1.12.192\aws-java-sdk-iotsecuretunneling-1.12.192.jar;C:\Users\bhowmik_d\.m2\repository\com\amazonaws\aws-java-sdk-appconfig\1.12.192\aws-java-sdk-appconfig-1.12.192.jar;C:\Users\bhowmik_d\.m2\repository\com\amazonaws\aws-java-sdk-wafv2\1.12.192\aws-java-sdk-wafv2-1.12.192.jar;C:\Users\bhowmik_d\.m2\repository\com\amazonaws\aws-java-sdk-connectparticipant\1.12.192\aws-java-sdk-connectparticipant-1.12.192.jar;C:\Users\bhowmik_d\.m2\repository\com\amazonaws\aws-java-sdk-migrationhubconfig\1.12.192\aws-java-sdk-migrationhubconfig-1.12.192.jar;C:\Users\bhowmik_d\.m2\repository\com\amazonaws\aws-java-sdk-dataexchange\1.12.192\aws-java-sdk-dataexchange-1.12.192.jar;C:\Users\bhowmik_d\.m2\repository\com\amazonaws\aws-java-sdk-sesv2\1.12.192\aws-java-sdk-sesv2-1.12.192.jar;C:\Users\bhowmik_d\.m2\repository\com\amazonaws\aws-java-sdk-marketplacecatalog\1.12.192\aws-java-sdk-marketplacecatalog-1.12.192.jar;C:\Users\bhowmik_d\.m2\repository\com\amazonaws\aws-java-sdk-ssooidc\1.12.192\aws-java-sdk-ssooidc-1.12.192.jar;C:\Users\bhowmik_d\.m2\repository\com\amazonaws\aws-java-sdk-sso\1.12.192\aws-java-sdk-sso-1.12.192.jar;C:\Users\bhowmik_d\.m2\repository\com\amazonaws\aws-java-sdk-savingsplans\1.12.192\aws-java-sdk-savingsplans-1.12.192.jar;C:\Users\bhowmik_d\.m2\repository\com\amazonaws\aws-java-sdk-codestarnotifications\1.12.192\aws-java-sdk-codestarnotifications-1.12.192.jar;C:\Users\bhowmik_d\.m2\repository\com\amazonaws\aws-java-sdk-workmailmessageflow\1.12.192\aws-java-sdk-workmailmessageflow-1.12.192.jar;C:\Users\bhowmik_d\.m2\repository\com\amazonaws\aws-java-sdk-qldbsession\1.12.192\aws-java-sdk-qldbsession-1.12.192.jar;C:\Users\bhowmik_d\.m2\repository\com\amazonaws\aws-java-sdk-qldb\1.12.192\aws-java-sdk-qldb-1.12.192.jar;C:\Users\bhowmik_d\.m2\repository\com\amazonaws\aws-java-sdk-forecastquery\1.12.192\aws-java-sdk-forecastquery-1.12.192.jar;C:\Users\bhowmik_d\.m2\repository\com\amazonaws\aws-java-sdk-forecast\1.12.192\aws-java-sdk-forecast-1.12.192.jar;C:\Users\bhowmik_d\.m2\repository\com\amazonaws\aws-java-sdk-lakeformation\1.12.192\aws-java-sdk-lakeformation-1.12.192.jar;C:\Users\bhowmik_d\.m2\repository\com\amazonaws\aws-java-sdk-eventbridge\1.12.192\aws-java-sdk-eventbridge-1.12.192.jar;C:\Users\bhowmik_d\.m2\repository\com\amazonaws\aws-java-sdk-ec2instanceconnect\1.12.192\aws-java-sdk-ec2instanceconnect-1.12.192.jar;C:\Users\bhowmik_d\.m2\repository\com\amazonaws\aws-java-sdk-applicationinsights\1.12.192\aws-java-sdk-applicationinsights-1.12.192.jar;C:\Users\bhowmik_d\.m2\repository\com\amazonaws\aws-java-sdk-servicequotas\1.12.192\aws-java-sdk-servicequotas-1.12.192.jar;C:\Users\bhowmik_d\.m2\repository\com\amazonaws\aws-java-sdk-personalizeevents\1.12.192\aws-java-sdk-personalizeevents-1.12.192.jar;C:\Users\bhowmik_d\.m2\repository\com\amazonaws\aws-java-sdk-personalize\1.12.192\aws-java-sdk-personalize-1.12.192.jar;C:\Users\bhowmik_d\.m2\repository\com\amazonaws\aws-java-sdk-personalizeruntime\1.12.192\aws-java-sdk-personalizeruntime-1.12.192.jar;C:\Users\bhowmik_d\.m2\repository\com\amazonaws\aws-java-sdk-ioteventsdata\1.12.192\aws-java-sdk-ioteventsdata-1.12.192.jar;C:\Users\bhowmik_d\.m2\repository\com\amazonaws\aws-java-sdk-iotevents\1.12.192\aws-java-sdk-iotevents-1.12.192.jar;C:\Users\bhowmik_d\.m2\repository\com\amazonaws\aws-java-sdk-iotthingsgraph\1.12.192\aws-java-sdk-iotthingsgraph-1.12.192.jar;C:\Users\bhowmik_d\.m2\repository\com\amazonaws\aws-java-sdk-groundstation\1.12.192\aws-java-sdk-groundstation-1.12.192.jar;C:\Users\bhowmik_d\.m2\repository\com\amazonaws\aws-java-sdk-mediapackagevod\1.12.192\aws-java-sdk-mediapackagevod-1.12.192.jar;C:\Users\bhowmik_d\.m2\repository\com\amazonaws\aws-java-sdk-managedblockchain\1.12.192\aws-java-sdk-managedblockchain-1.12.192.jar;C:\Users\bhowmik_d\.m2\repository\com\amazonaws\aws-java-sdk-textract\1.12.192\aws-java-sdk-textract-1.12.192.jar;C:\Users\bhowmik_d\.m2\repository\com\amazonaws\aws-java-sdk-worklink\1.12.192\aws-java-sdk-worklink-1.12.192.jar;C:\Users\bhowmik_d\.m2\repository\com\amazonaws\aws-java-sdk-backup\1.12.192\aws-java-sdk-backup-1.12.192.jar;C:\Users\bhowmik_d\.m2\repository\com\amazonaws\aws-java-sdk-docdb\1.12.192\aws-java-sdk-docdb-1.12.192.jar;C:\Users\bhowmik_d\.m2\repository\com\amazonaws\aws-java-sdk-apigatewayv2\1.12.192\aws-java-sdk-apigatewayv2-1.12.192.jar;C:\Users\bhowmik_d\.m2\repository\com\amazonaws\aws-java-sdk-apigatewaymanagementapi\1.12.192\aws-java-sdk-apigatewaymanagementapi-1.12.192.jar;C:\Users\bhowmik_d\.m2\repository\com\amazonaws\aws-java-sdk-kafka\1.12.192\aws-java-sdk-kafka-1.12.192.jar;C:\Users\bhowmik_d\.m2\repository\com\amazonaws\aws-java-sdk-appmesh\1.12.192\aws-java-sdk-appmesh-1.12.192.jar;C:\Users\bhowmik_d\.m2\repository\com\amazonaws\aws-java-sdk-licensemanager\1.12.192\aws-java-sdk-licensemanager-1.12.192.jar;C:\Users\bhowmik_d\.m2\repository\com\amazonaws\aws-java-sdk-securityhub\1.12.192\aws-java-sdk-securityhub-1.12.192.jar;C:\Users\bhowmik_d\.m2\repository\com\amazonaws\aws-java-sdk-fsx\1.12.192\aws-java-sdk-fsx-1.12.192.jar;C:\Users\bhowmik_d\.m2\repository\com\amazonaws\aws-java-sdk-mediaconnect\1.12.192\aws-java-sdk-mediaconnect-1.12.192.jar;C:\Users\bhowmik_d\.m2\repository\com\amazonaws\aws-java-sdk-kinesisanalyticsv2\1.12.192\aws-java-sdk-kinesisanalyticsv2-1.12.192.jar;C:\Users\bhowmik_d\.m2\repository\com\amazonaws\aws-java-sdk-comprehendmedical\1.12.192\aws-java-sdk-comprehendmedical-1.12.192.jar;C:\Users\bhowmik_d\.m2\repository\com\amazonaws\aws-java-sdk-globalaccelerator\1.12.192\aws-java-sdk-globalaccelerator-1.12.192.jar;C:\Users\bhowmik_d\.m2\repository\com\amazonaws\aws-java-sdk-transfer\1.12.192\aws-java-sdk-transfer-1.12.192.jar;C:\Users\bhowmik_d\.m2\repository\com\amazonaws\aws-java-sdk-datasync\1.12.192\aws-java-sdk-datasync-1.12.192.jar;C:\Users\bhowmik_d\.m2\repository\com\amazonaws\aws-java-sdk-robomaker\1.12.192\aws-java-sdk-robomaker-1.12.192.jar;C:\Users\bhowmik_d\.m2\repository\com\amazonaws\aws-java-sdk-amplify\1.12.192\aws-java-sdk-amplify-1.12.192.jar;C:\Users\bhowmik_d\.m2\repository\com\amazonaws\aws-java-sdk-quicksight\1.12.192\aws-java-sdk-quicksight-1.12.192.jar;C:\Users\bhowmik_d\.m2\repository\com\amazonaws\aws-java-sdk-rdsdata\1.12.192\aws-java-sdk-rdsdata-1.12.192.jar;C:\Users\bhowmik_d\.m2\repository\com\amazonaws\aws-java-sdk-route53resolver\1.12.192\aws-java-sdk-route53resolver-1.12.192.jar;C:\Users\bhowmik_d\.m2\repository\com\amazonaws\aws-java-sdk-ram\1.12.192\aws-java-sdk-ram-1.12.192.jar;C:\Users\bhowmik_d\.m2\repository\com\amazonaws\aws-java-sdk-s3control\1.12.192\aws-java-sdk-s3control-1.12.192.jar;C:\Users\bhowmik_d\.m2\repository\com\amazonaws\aws-java-sdk-pinpointsmsvoice\1.12.192\aws-java-sdk-pinpointsmsvoice-1.12.192.jar;C:\Users\bhowmik_d\.m2\repository\com\amazonaws\aws-java-sdk-pinpointemail\1.12.192\aws-java-sdk-pinpointemail-1.12.192.jar;C:\Users\bhowmik_d\.m2\repository\com\amazonaws\aws-java-sdk-chime\1.12.192\aws-java-sdk-chime-1.12.192.jar;C:\Users\bhowmik_d\.m2\repository\com\amazonaws\aws-java-sdk-signer\1.12.192\aws-java-sdk-signer-1.12.192.jar;C:\Users\bhowmik_d\.m2\repository\com\amazonaws\aws-java-sdk-dlm\1.12.192\aws-java-sdk-dlm-1.12.192.jar;C:\Users\bhowmik_d\.m2\repository\com\amazonaws\aws-java-sdk-macie\1.12.192\aws-java-sdk-macie-1.12.192.jar;C:\Users\bhowmik_d\.m2\repository\com\amazonaws\aws-java-sdk-eks\1.12.192\aws-java-sdk-eks-1.12.192.jar;C:\Users\bhowmik_d\.m2\repository\com\amazonaws\aws-java-sdk-mediatailor\1.12.192\aws-java-sdk-mediatailor-1.12.192.jar;C:\Users\bhowmik_d\.m2\repository\com\amazonaws\aws-java-sdk-neptune\1.12.192\aws-java-sdk-neptune-1.12.192.jar;C:\Users\bhowmik_d\.m2\repository\com\amazonaws\aws-java-sdk-pi\1.12.192\aws-java-sdk-pi-1.12.192.jar;C:\Users\bhowmik_d\.m2\repository\com\amazonaws\aws-java-sdk-iot1clickprojects\1.12.192\aws-java-sdk-iot1clickprojects-1.12.192.jar;C:\Users\bhowmik_d\.m2\repository\com\amazonaws\aws-java-sdk-iot1clickdevices\1.12.192\aws-java-sdk-iot1clickdevices-1.12.192.jar;C:\Users\bhowmik_d\.m2\repository\com\amazonaws\aws-java-sdk-iotanalytics\1.12.192\aws-java-sdk-iotanalytics-1.12.192.jar;C:\Users\bhowmik_d\.m2\repository\com\amazonaws\aws-java-sdk-acmpca\1.12.192\aws-java-sdk-acmpca-1.12.192.jar;C:\Users\bhowmik_d\.m2\repository\com\amazonaws\aws-java-sdk-secretsmanager\1.12.192\aws-java-sdk-secretsmanager-1.12.192.jar;C:\Users\bhowmik_d\.m2\repository\com\amazonaws\aws-java-sdk-fms\1.12.192\aws-java-sdk-fms-1.12.192.jar;C:\Users\bhowmik_d\.m2\repository\com\amazonaws\aws-java-sdk-connect\1.12.192\aws-java-sdk-connect-1.12.192.jar;C:\Users\bhowmik_d\.m2\repository\com\amazonaws\aws-java-sdk-transcribe\1.12.192\aws-java-sdk-transcribe-1.12.192.jar;C:\Users\bhowmik_d\.m2\repository\com\amazonaws\aws-java-sdk-autoscalingplans\1.12.192\aws-java-sdk-autoscalingplans-1.12.192.jar;C:\Users\bhowmik_d\.m2\repository\com\amazonaws\aws-java-sdk-workmail\1.12.192\aws-java-sdk-workmail-1.12.192.jar;C:\Users\bhowmik_d\.m2\repository\com\amazonaws\aws-java-sdk-servicediscovery\1.12.192\aws-java-sdk-servicediscovery-1.12.192.jar;C:\Users\bhowmik_d\.m2\repository\com\amazonaws\aws-java-sdk-cloud9\1.12.192\aws-java-sdk-cloud9-1.12.192.jar;C:\Users\bhowmik_d\.m2\repository\com\amazonaws\aws-java-sdk-serverlessapplicationrepository\1.12.192\aws-java-sdk-serverlessapplicationrepository-1.12.192.jar;C:\Users\bhowmik_d\.m2\repository\com\amazonaws\aws-java-sdk-alexaforbusiness\1.12.192\aws-java-sdk-alexaforbusiness-1.12.192.jar;C:\Users\bhowmik_d\.m2\repository\com\amazonaws\aws-java-sdk-resourcegroups\1.12.192\aws-java-sdk-resourcegroups-1.12.192.jar;C:\Users\bhowmik_d\.m2\repository\com\amazonaws\aws-java-sdk-comprehend\1.12.192\aws-java-sdk-comprehend-1.12.192.jar;C:\Users\bhowmik_d\.m2\repository\com\amazonaws\aws-java-sdk-translate\1.12.192\aws-java-sdk-translate-1.12.192.jar;C:\Users\bhowmik_d\.m2\repository\com\amazonaws\aws-java-sdk-sagemaker\1.12.192\aws-java-sdk-sagemaker-1.12.192.jar;C:\Users\bhowmik_d\.m2\repository\com\amazonaws\aws-java-sdk-iotjobsdataplane\1.12.192\aws-java-sdk-iotjobsdataplane-1.12.192.jar;C:\Users\bhowmik_d\.m2\repository\com\amazonaws\aws-java-sdk-sagemakerruntime\1.12.192\aws-java-sdk-sagemakerruntime-1.12.192.jar;C:\Users\bhowmik_d\.m2\repository\com\amazonaws\aws-java-sdk-kinesisvideo\1.12.192\aws-java-sdk-kinesisvideo-1.12.192.jar;C:\Users\bhowmik_d\.m2\repository\com\amazonaws\aws-java-sdk-appsync\1.12.192\aws-java-sdk-appsync-1.12.192.jar;C:\Users\bhowmik_d\.m2\repository\com\amazonaws\aws-java-sdk-guardduty\1.12.192\aws-java-sdk-guardduty-1.12.192.jar;C:\Users\bhowmik_d\.m2\repository\com\amazonaws\aws-java-sdk-mq\1.12.192\aws-java-sdk-mq-1.12.192.jar;C:\Users\bhowmik_d\.m2\repository\com\amazonaws\aws-java-sdk-mediaconvert\1.12.192\aws-java-sdk-mediaconvert-1.12.192.jar;C:\Users\bhowmik_d\.m2\repository\com\amazonaws\aws-java-sdk-mediastore\1.12.192\aws-java-sdk-mediastore-1.12.192.jar;C:\Users\bhowmik_d\.m2\repository\com\amazonaws\aws-java-sdk-mediastoredata\1.12.192\aws-java-sdk-mediastoredata-1.12.192.jar;C:\Users\bhowmik_d\.m2\repository\com\amazonaws\aws-java-sdk-medialive\1.12.192\aws-java-sdk-medialive-1.12.192.jar;C:\Users\bhowmik_d\.m2\repository\com\amazonaws\aws-java-sdk-mediapackage\1.12.192\aws-java-sdk-mediapackage-1.12.192.jar;C:\Users\bhowmik_d\.m2\repository\com\amazonaws\aws-java-sdk-costexplorer\1.12.192\aws-java-sdk-costexplorer-1.12.192.jar;C:\Users\bhowmik_d\.m2\repository\com\amazonaws\aws-java-sdk-pricing\1.12.192\aws-java-sdk-pricing-1.12.192.jar;C:\Users\bhowmik_d\.m2\repository\com\amazonaws\aws-java-sdk-mobile\1.12.192\aws-java-sdk-mobile-1.12.192.jar;C:\Users\bhowmik_d\.m2\repository\com\amazonaws\aws-java-sdk-cloudhsmv2\1.12.192\aws-java-sdk-cloudhsmv2-1.12.192.jar;C:\Users\bhowmik_d\.m2\repository\com\amazonaws\aws-java-sdk-glue\1.12.192\aws-java-sdk-glue-1.12.192.jar;C:\Users\bhowmik_d\.m2\repository\com\amazonaws\aws-java-sdk-migrationhub\1.12.192\aws-java-sdk-migrationhub-1.12.192.jar;C:\Users\bhowmik_d\.m2\repository\com\amazonaws\aws-java-sdk-dax\1.12.192\aws-java-sdk-dax-1.12.192.jar;C:\Users\bhowmik_d\.m2\repository\com\amazonaws\aws-java-sdk-greengrass\1.12.192\aws-java-sdk-greengrass-1.12.192.jar;C:\Users\bhowmik_d\.m2\repository\com\amazonaws\aws-java-sdk-athena\1.12.192\aws-java-sdk-athena-1.12.192.jar;C:\Users\bhowmik_d\.m2\repository\com\amazonaws\aws-java-sdk-marketplaceentitlement\1.12.192\aws-java-sdk-marketplaceentitlement-1.12.192.jar;C:\Users\bhowmik_d\.m2\repository\com\amazonaws\aws-java-sdk-codestar\1.12.192\aws-java-sdk-codestar-1.12.192.jar;C:\Users\bhowmik_d\.m2\repository\com\amazonaws\aws-java-sdk-lexmodelbuilding\1.12.192\aws-java-sdk-lexmodelbuilding-1.12.192.jar;C:\Users\bhowmik_d\.m2\repository\com\amazonaws\aws-java-sdk-resourcegroupstaggingapi\1.12.192\aws-java-sdk-resourcegroupstaggingapi-1.12.192.jar;C:\Users\bhowmik_d\.m2\repository\com\amazonaws\aws-java-sdk-pinpoint\1.12.192\aws-java-sdk-pinpoint-1.12.192.jar;C:\Users\bhowmik_d\.m2\repository\com\amazonaws\aws-java-sdk-xray\1.12.192\aws-java-sdk-xray-1.12.192.jar;C:\Users\bhowmik_d\.m2\repository\com\amazonaws\aws-java-sdk-opsworkscm\1.12.192\aws-java-sdk-opsworkscm-1.12.192.jar;C:\Users\bhowmik_d\.m2\repository\com\amazonaws\aws-java-sdk-support\1.12.192\aws-java-sdk-support-1.12.192.jar;C:\Users\bhowmik_d\.m2\repository\com\amazonaws\aws-java-sdk-simpledb\1.12.192\aws-java-sdk-simpledb-1.12.192.jar;C:\Users\bhowmik_d\.m2\repository\com\amazonaws\aws-java-sdk-servicecatalog\1.12.192\aws-java-sdk-servicecatalog-1.12.192.jar;C:\Users\bhowmik_d\.m2\repository\com\amazonaws\aws-java-sdk-servermigration\1.12.192\aws-java-sdk-servermigration-1.12.192.jar;C:\Users\bhowmik_d\.m2\repository\com\amazonaws\aws-java-sdk-simpleworkflow\1.12.192\aws-java-sdk-simpleworkflow-1.12.192.jar;C:\Users\bhowmik_d\.m2\repository\com\amazonaws\aws-java-sdk-storagegateway\1.12.192\aws-java-sdk-storagegateway-1.12.192.jar;C:\Users\bhowmik_d\.m2\repository\com\amazonaws\aws-java-sdk-route53\1.12.192\aws-java-sdk-route53-1.12.192.jar;C:\Users\bhowmik_d\.m2\repository\com\amazonaws\aws-java-sdk-s3\1.12.192\aws-java-sdk-s3-1.12.192.jar;C:\Users\bhowmik_d\.m2\repository\com\amazonaws\aws-java-sdk-importexport\1.12.192\aws-java-sdk-importexport-1.12.192.jar;C:\Users\bhowmik_d\.m2\repository\com\amazonaws\aws-java-sdk-sts\1.12.192\aws-java-sdk-sts-1.12.192.jar;C:\Users\bhowmik_d\.m2\repository\com\amazonaws\aws-java-sdk-sqs\1.12.192\aws-java-sdk-sqs-1.12.192.jar;C:\Users\bhowmik_d\.m2\repository\com\amazonaws\aws-java-sdk-rds\1.12.192\aws-java-sdk-rds-1.12.192.jar;C:\Users\bhowmik_d\.m2\repository\com\amazonaws\aws-java-sdk-redshift\1.12.192\aws-java-sdk-redshift-1.12.192.jar;C:\Users\bhowmik_d\.m2\repository\com\amazonaws\aws-java-sdk-elasticbeanstalk\1.12.192\aws-java-sdk-elasticbeanstalk-1.12.192.jar;C:\Users\bhowmik_d\.m2\repository\com\amazonaws\aws-java-sdk-glacier\1.12.192\aws-java-sdk-glacier-1.12.192.jar;C:\Users\bhowmik_d\.m2\repository\com\amazonaws\aws-java-sdk-iam\1.12.192\aws-java-sdk-iam-1.12.192.jar;C:\Users\bhowmik_d\.m2\repository\com\amazonaws\aws-java-sdk-datapipeline\1.12.192\aws-java-sdk-datapipeline-1.12.192.jar;C:\Users\bhowmik_d\.m2\repository\com\amazonaws\aws-java-sdk-elasticloadbalancing\1.12.192\aws-java-sdk-elasticloadbalancing-1.12.192.jar;C:\Users\bhowmik_d\.m2\repository\com\amazonaws\aws-java-sdk-elasticloadbalancingv2\1.12.192\aws-java-sdk-elasticloadbalancingv2-1.12.192.jar;C:\Users\bhowmik_d\.m2\repository\com\amazonaws\aws-java-sdk-emr\1.12.192\aws-java-sdk-emr-1.12.192.jar;C:\Users\bhowmik_d\.m2\repository\com\amazonaws\aws-java-sdk-elasticache\1.12.192\aws-java-sdk-elasticache-1.12.192.jar;C:\Users\bhowmik_d\.m2\repository\com\amazonaws\aws-java-sdk-elastictranscoder\1.12.192\aws-java-sdk-elastictranscoder-1.12.192.jar;C:\Users\bhowmik_d\.m2\repository\com\amazonaws\aws-java-sdk-ec2\1.12.192\aws-java-sdk-ec2-1.12.192.jar;C:\Users\bhowmik_d\.m2\repository\com\amazonaws\aws-java-sdk-dynamodb\1.12.192\aws-java-sdk-dynamodb-1.12.192.jar;C:\Users\bhowmik_d\.m2\repository\com\amazonaws\aws-java-sdk-sns\1.12.192\aws-java-sdk-sns-1.12.192.jar;C:\Users\bhowmik_d\.m2\repository\com\amazonaws\aws-java-sdk-budgets\1.12.192\aws-java-sdk-budgets-1.12.192.jar;C:\Users\bhowmik_d\.m2\repository\com\amazonaws\aws-java-sdk-cloudtrail\1.12.192\aws-java-sdk-cloudtrail-1.12.192.jar;C:\Users\bhowmik_d\.m2\repository\com\amazonaws\aws-java-sdk-cloudwatch\1.12.192\aws-java-sdk-cloudwatch-1.12.192.jar;C:\Users\bhowmik_d\.m2\repository\com\amazonaws\aws-java-sdk-logs\1.12.192\aws-java-sdk-logs-1.12.192.jar;C:\Users\bhowmik_d\.m2\repository\com\amazonaws\aws-java-sdk-events\1.12.192\aws-java-sdk-events-1.12.192.jar;C:\Users\bhowmik_d\.m2\repository\com\amazonaws\aws-java-sdk-cognitoidentity\1.12.192\aws-java-sdk-cognitoidentity-1.12.192.jar;C:\Users\bhowmik_d\.m2\repository\com\amazonaws\aws-java-sdk-cognitosync\1.12.192\aws-java-sdk-cognitosync-1.12.192.jar;C:\Users\bhowmik_d\.m2\repository\com\amazonaws\aws-java-sdk-directconnect\1.12.192\aws-java-sdk-directconnect-1.12.192.jar;C:\Users\bhowmik_d\.m2\repository\com\amazonaws\aws-java-sdk-cloudformation\1.12.192\aws-java-sdk-cloudformation-1.12.192.jar;C:\Users\bhowmik_d\.m2\repository\com\amazonaws\aws-java-sdk-cloudfront\1.12.192\aws-java-sdk-cloudfront-1.12.192.jar;C:\Users\bhowmik_d\.m2\repository\com\amazonaws\aws-java-sdk-clouddirectory\1.12.192\aws-java-sdk-clouddirectory-1.12.192.jar;C:\Users\bhowmik_d\.m2\repository\com\amazonaws\aws-java-sdk-kinesis\1.12.192\aws-java-sdk-kinesis-1.12.192.jar;C:\Users\bhowmik_d\.m2\repository\com\amazonaws\aws-java-sdk-opsworks\1.12.192\aws-java-sdk-opsworks-1.12.192.jar;C:\Users\bhowmik_d\.m2\repository\com\amazonaws\aws-java-sdk-ses\1.12.192\aws-java-sdk-ses-1.12.192.jar;C:\Users\bhowmik_d\.m2\repository\com\amazonaws\aws-java-sdk-autoscaling\1.12.192\aws-java-sdk-autoscaling-1.12.192.jar;C:\Users\bhowmik_d\.m2\repository\com\amazonaws\aws-java-sdk-cloudsearch\1.12.192\aws-java-sdk-cloudsearch-1.12.192.jar;C:\Users\bhowmik_d\.m2\repository\com\amazonaws\aws-java-sdk-cloudwatchmetrics\1.12.192\aws-java-sdk-cloudwatchmetrics-1.12.192.jar;C:\Users\bhowmik_d\.m2\repository\com\amazonaws\aws-java-sdk-codedeploy\1.12.192\aws-java-sdk-codedeploy-1.12.192.jar;C:\Users\bhowmik_d\.m2\repository\com\amazonaws\aws-java-sdk-codepipeline\1.12.192\aws-java-sdk-codepipeline-1.12.192.jar;C:\Users\bhowmik_d\.m2\repository\com\amazonaws\aws-java-sdk-kms\1.12.192\aws-java-sdk-kms-1.12.192.jar;C:\Users\bhowmik_d\.m2\repository\com\amazonaws\aws-java-sdk-config\1.12.192\aws-java-sdk-config-1.12.192.jar;C:\Users\bhowmik_d\.m2\repository\com\amazonaws\aws-java-sdk-lambda\1.12.192\aws-java-sdk-lambda-1.12.192.jar;C:\Users\bhowmik_d\.m2\repository\com\amazonaws\aws-java-sdk-ecs\1.12.192\aws-java-sdk-ecs-1.12.192.jar;C:\Users\bhowmik_d\.m2\repository\com\amazonaws\aws-java-sdk-ecr\1.12.192\aws-java-sdk-ecr-1.12.192.jar;C:\Users\bhowmik_d\.m2\repository\com\amazonaws\aws-java-sdk-cloudhsm\1.12.192\aws-java-sdk-cloudhsm-1.12.192.jar;C:\Users\bhowmik_d\.m2\repository\com\amazonaws\aws-java-sdk-ssm\1.12.192\aws-java-sdk-ssm-1.12.192.jar;C:\Users\bhowmik_d\.m2\repository\com\amazonaws\aws-java-sdk-workspaces\1.12.192\aws-java-sdk-workspaces-1.12.192.jar;C:\Users\bhowmik_d\.m2\repository\com\amazonaws\aws-java-sdk-machinelearning\1.12.192\aws-java-sdk-machinelearning-1.12.192.jar;C:\Users\bhowmik_d\.m2\repository\com\amazonaws\aws-java-sdk-directory\1.12.192\aws-java-sdk-directory-1.12.192.jar;C:\Users\bhowmik_d\.m2\repository\com\amazonaws\aws-java-sdk-efs\1.12.192\aws-java-sdk-efs-1.12.192.jar;C:\Users\bhowmik_d\.m2\repository\com\amazonaws\aws-java-sdk-codecommit\1.12.192\aws-java-sdk-codecommit-1.12.192.jar;C:\Users\bhowmik_d\.m2\repository\com\amazonaws\aws-java-sdk-devicefarm\1.12.192\aws-java-sdk-devicefarm-1.12.192.jar;C:\Users\bhowmik_d\.m2\repository\com\amazonaws\aws-java-sdk-elasticsearch\1.12.192\aws-java-sdk-elasticsearch-1.12.192.jar;C:\Users\bhowmik_d\.m2\repository\com\amazonaws\aws-java-sdk-waf\1.12.192\aws-java-sdk-waf-1.12.192.jar;C:\Users\bhowmik_d\.m2\repository\com\amazonaws\aws-java-sdk-marketplacecommerceanalytics\1.12.192\aws-java-sdk-marketplacecommerceanalytics-1.12.192.jar;C:\Users\bhowmik_d\.m2\repository\com\amazonaws\aws-java-sdk-inspector\1.12.192\aws-java-sdk-inspector-1.12.192.jar;C:\Users\bhowmik_d\.m2\repository\com\amazonaws\aws-java-sdk-iot\1.12.192\aws-java-sdk-iot-1.12.192.jar;C:\Users\bhowmik_d\.m2\repository\com\amazonaws\aws-java-sdk-api-gateway\1.12.192\aws-java-sdk-api-gateway-1.12.192.jar;C:\Users\bhowmik_d\.m2\repository\com\amazonaws\aws-java-sdk-acm\1.12.192\aws-java-sdk-acm-1.12.192.jar;C:\Users\bhowmik_d\.m2\repository\com\amazonaws\aws-java-sdk-gamelift\1.12.192\aws-java-sdk-gamelift-1.12.192.jar;C:\Users\bhowmik_d\.m2\repository\com\amazonaws\aws-java-sdk-dms\1.12.192\aws-java-sdk-dms-1.12.192.jar;C:\Users\bhowmik_d\.m2\repository\com\amazonaws\aws-java-sdk-marketplacemeteringservice\1.12.192\aws-java-sdk-marketplacemeteringservice-1.12.192.jar;C:\Users\bhowmik_d\.m2\repository\com\amazonaws\aws-java-sdk-cognitoidp\1.12.192\aws-java-sdk-cognitoidp-1.12.192.jar;C:\Users\bhowmik_d\.m2\repository\com\amazonaws\aws-java-sdk-discovery\1.12.192\aws-java-sdk-discovery-1.12.192.jar;C:\Users\bhowmik_d\.m2\repository\com\amazonaws\aws-java-sdk-applicationautoscaling\1.12.192\aws-java-sdk-applicationautoscaling-1.12.192.jar;C:\Users\bhowmik_d\.m2\repository\com\amazonaws\aws-java-sdk-snowball\1.12.192\aws-java-sdk-snowball-1.12.192.jar;C:\Users\bhowmik_d\.m2\repository\com\amazonaws\aws-java-sdk-rekognition\1.12.192\aws-java-sdk-rekognition-1.12.192.jar;C:\Users\bhowmik_d\.m2\repository\com\amazonaws\aws-java-sdk-polly\1.12.192\aws-java-sdk-polly-1.12.192.jar;C:\Users\bhowmik_d\.m2\repository\com\amazonaws\aws-java-sdk-lightsail\1.12.192\aws-java-sdk-lightsail-1.12.192.jar;C:\Users\bhowmik_d\.m2\repository\com\amazonaws\aws-java-sdk-stepfunctions\1.12.192\aws-java-sdk-stepfunctions-1.12.192.jar;C:\Users\bhowmik_d\.m2\repository\com\amazonaws\aws-java-sdk-health\1.12.192\aws-java-sdk-health-1.12.192.jar;C:\Users\bhowmik_d\.m2\repository\com\amazonaws\aws-java-sdk-costandusagereport\1.12.192\aws-java-sdk-costandusagereport-1.12.192.jar;C:\Users\bhowmik_d\.m2\repository\com\amazonaws\aws-java-sdk-codebuild\1.12.192\aws-java-sdk-codebuild-1.12.192.jar;C:\Users\bhowmik_d\.m2\repository\com\amazonaws\aws-java-sdk-appstream\1.12.192\aws-java-sdk-appstream-1.12.192.jar;C:\Users\bhowmik_d\.m2\repository\com\amazonaws\aws-java-sdk-shield\1.12.192\aws-java-sdk-shield-1.12.192.jar;C:\Users\bhowmik_d\.m2\repository\com\amazonaws\aws-java-sdk-batch\1.12.192\aws-java-sdk-batch-1.12.192.jar;C:\Users\bhowmik_d\.m2\repository\com\amazonaws\aws-java-sdk-lex\1.12.192\aws-java-sdk-lex-1.12.192.jar;C:\Users\bhowmik_d\.m2\repository\com\amazonaws\aws-java-sdk-mechanicalturkrequester\1.12.192\aws-java-sdk-mechanicalturkrequester-1.12.192.jar;C:\Users\bhowmik_d\.m2\repository\com\amazonaws\aws-java-sdk-organizations\1.12.192\aws-java-sdk-organizations-1.12.192.jar;C:\Users\bhowmik_d\.m2\repository\com\amazonaws\aws-java-sdk-workdocs\1.12.192\aws-java-sdk-workdocs-1.12.192.jar;C:\Users\bhowmik_d\.m2\repository\com\amazonaws\aws-java-sdk-core\1.12.192\aws-java-sdk-core-1.12.192.jar;C:\Users\bhowmik_d\.m2\repository\software\amazon\ion\ion-java\1.0.2\ion-java-1.0.2.jar;C:\Users\bhowmik_d\.m2\repository\com\fasterxml\jackson\dataformat\jackson-dataformat-cbor\2.12.6\jackson-dataformat-cbor-2.12.6.jar;C:\Users\bhowmik_d\.m2\repository\com\amazonaws\aws-java-sdk-models\1.12.192\aws-java-sdk-models-1.12.192.jar;C:\Users\bhowmik_d\.m2\repository\com\amazonaws\aws-java-sdk-swf-libraries\1.11.22\aws-java-sdk-swf-libraries-1.11.22.jar;C:\Users\bhowmik_d\.m2\repository\ru\yandex\qatools\ashot\ashot\1.5.4\ashot-1.5.4.jar;"/>
    <property name="sun.cpu.endian" value="little"/>
    <property name="user.home" value="C:\Users\bhowmik_d"/>
    <property name="user.language" value="en"/>
    <property name="java.specification.vendor" value="Oracle Corporation"/>
    <property name="java.home" value="C:\Program Files\Java\jdk1.8.0_321\jre"/>
    <property name="basedir" value="D:\Workspace\AutomationProject"/>
    <property name="file.separator" value="\"/>
    <property name="line.separator" value="&#10;"/>
    <property name="java.vm.specification.vendor" value="Oracle Corporation"/>
    <property name="java.specification.name" value="Java Platform API Specification"/>
    <property name="java.awt.graphicsenv" value="sun.awt.Win32GraphicsEnvironment"/>
    <property name="surefire.real.class.path" value="C:\Users\bhowmik_d\AppData\Local\Temp\surefire4264454197361980754\surefirebooter2029510236829433762.jar"/>
    <property name="sun.boot.class.path" value="C:\Program Files\Java\jdk1.8.0_321\jre\lib\resources.jar;C:\Program Files\Java\jdk1.8.0_321\jre\lib\rt.jar;C:\Program Files\Java\jdk1.8.0_321\jre\lib\sunrsasign.jar;C:\Program Files\Java\jdk1.8.0_321\jre\lib\jsse.jar;C:\Program Files\Java\jdk1.8.0_321\jre\lib\jce.jar;C:\Program Files\Java\jdk1.8.0_321\jre\lib\charsets.jar;C:\Program Files\Java\jdk1.8.0_321\jre\lib\jfr.jar;C:\Program Files\Java\jdk1.8.0_321\jre\classes"/>
    <property name="user.script" value=""/>
    <property name="sun.management.compiler" value="HotSpot 64-Bit Tiered Compilers"/>
    <property name="java.runtime.version" value="1.8.0_321-b07"/>
    <property name="user.name" value="bhowmik_d"/>
    <property name="path.separator" value=";"/>
    <property name="os.version" value="10.0"/>
    <property name="java.endorsed.dirs" value="C:\Program Files\Java\jdk1.8.0_321\jre\lib\endorsed"/>
    <property name="java.runtime.name" value="Java(TM) SE Runtime Environment"/>
    <property name="file.encoding" value="Cp1252"/>
    <property name="java.vm.name" value="Java HotSpot(TM) 64-Bit Server VM"/>
    <property name="localRepository" value="C:\Users\bhowmik_d\.m2\repository"/>
    <property name="java.vendor.url.bug" value="http://bugreport.sun.com/bugreport/"/>
    <property name="java.io.tmpdir" value="C:\Users\BHOWMI~1\AppData\Local\Temp\"/>
    <property name="java.version" value="1.8.0_321"/>
    <property name="user.dir" value="D:\Workspace\AutomationProject"/>
    <property name="os.arch" value="amd64"/>
    <property name="groups" value="read"/>
    <property name="java.vm.specification.name" value="Java Virtual Machine Specification"/>
    <property name="java.awt.printerjob" value="sun.awt.windows.WPrinterJob"/>
    <property name="sun.os.patch.level" value=""/>
    <property name="java.library.path" value="C:\Program Files\Java\jdk1.8.0_321\jre\bin;C:\Windows\Sun\Java\bin;C:\Windows\system32;C:\Windows;C:\Program Files\Common Files\Oracle\Java\javapath;C:\Program Files (x86)\Common Files\Oracle\Java\javapath;C:\ProgramData\Oracle\Java\javapath;C:\Windows\system32;C:\Windows;C:\Windows\System32\Wbem;C:\Windows\System32\WindowsPowerShell\v1.0\;C:\Windows\System32\OpenSSH\;C:\Program Files\Amazon\AWSCLIV2\;C:\Program Files\Docker\Docker\resources\bin;C:\ProgramData\DockerDesktop\version-bin;C:\Users\bhowmik_d\AppData\Local\Microsoft\WindowsApps;D:\Softwares\apache-maven-3.8.4-bin\apache-maven-3.8.4\bin;C:\Program Files\Java\jdk1.8.0_321\bin;C:\Program Files\Java\jdk1.8.0_321\bin\bin;C:\Users\bhowmik_d\AppData\Local\GitHubDesktop\bin;C:\Users\bhowmik_d\AppData\Local\Programs\Git\cmd;%JRE%;D:\Softwares\apache-jmeter-5.4.3\bin;D:\allure-2.17.3\bin;."/>
    <property name="java.vm.info" value="mixed mode"/>
    <property name="java.vendor" value="Oracle Corporation"/>
    <property name="java.vm.version" value="25.321-b07"/>
    <property name="java.ext.dirs" value="C:\Program Files\Java\jdk1.8.0_321\jre\lib\ext;C:\Windows\Sun\Java\lib\ext"/>
    <property name="sun.io.unicode.encoding" value="UnicodeLittle"/>
    <property name="java.class.version" value="52.0"/>
  </properties>
  <testcase name="readFileTest" classname="com.cognizant.test.TEST" time="0.162">
    <system-out><![CDATA[[TestNGContentHandler] [WARN] It is strongly recommended to add "<!DOCTYPE suite SYSTEM "http://testng.org/testng-1.0.dtd" >" at the top of your file, otherwise TestNG may fail or not work as expected.
*******************
Test Data
*******************
]]></system-out>
    <system-err><![CDATA[SLF4J: Failed to load class "org.slf4j.impl.StaticLoggerBinder".
SLF4J: Defaulting to no-operation (NOP) logger implementation
SLF4J: See http://www.slf4j.org/codes.html#StaticLoggerBinder for further details.
]]></system-err>
  </testcase>
</testsuite>