<?xml version="1.0" encoding="UTF-8"?>
<!-- Generated by org.testng.reporters.JUnitReportReporter -->
<testsuite skipped="0" hostname="Dipanjan-BH" name="com.cognizant.test.TEST" tests="1" failures="0" timestamp="2022-04-17T11:27:18 IST" time="0.127" errors="0">
  <testcase name="runTest" time="0.127" classname="com.cognizant.test.TEST"/>
  <system-out/>
</testsuite> <!-- com.cognizant.test.TEST -->
