<?xml version="1.0" encoding="UTF-8"?>
<!-- Generated by org.testng.reporters.JUnitReportReporter -->
<testsuite skipped="0" hostname="Dipanjan-BH" name="com.cognizant.test.TEST" tests="1" failures="0" timestamp="17 Apr 2022 06:25:36 GMT" time="0.181" errors="0">
  <testcase name="readFileTest" time="0.181" classname="com.cognizant.test.TEST"/>
</testsuite> <!-- com.cognizant.test.TEST -->
